{"requestedTools":null,"toolResults":[[{"tag":"Infer"},{"tag":"ToolSuccess","contents":[[{"tnType":"NULL_DEREFERENCE","tnDesc":"object `testedOn` last assigned on line 18 could be null and is dereferenced at line 19.","tnFile":"src/main/java/org/junit/experimental/theories/suppliers/TestedOnSupplier.java","tnLine":19,"tnColumn":-1,"tnPatch":null,"tnCodeLine":null,"tnProcedure":"List TestedOnSupplier.getValueSources(ParameterSignature)","tnPhase":"PhaseUnknown","tnTool":{"tag":"Infer"}},{"tnType":"NULL_DEREFERENCE","tnDesc":"object returned by `sig.getAnnotation(org.junit.experimental.theories.FromDataPoints)` could be null and is dereferenced at line 25.","tnFile":"src/main/java/org/junit/experimental/theories/internal/SpecificDataPointsSupplier.java","tnLine":25,"tnColumn":-1,"tnPatch":null,"tnCodeLine":null,"tnProcedure":"Collection SpecificDataPointsSupplier.getSingleDataPointFields(ParameterSignature)","tnPhase":"PhaseUnknown","tnTool":{"tag":"Infer"}},{"tnType":"NULL_DEREFERENCE","tnDesc":"object returned by `sig.getAnnotation(org.junit.experimental.theories.FromDataPoints)` could be null and is dereferenced at line 42.","tnFile":"src/main/java/org/junit/experimental/theories/internal/SpecificDataPointsSupplier.java","tnLine":42,"tnColumn":-1,"tnPatch":null,"tnCodeLine":null,"tnProcedure":"Collection SpecificDataPointsSupplier.getDataPointsFields(ParameterSignature)","tnPhase":"PhaseUnknown","tnTool":{"tag":"Infer"}},{"tnType":"NULL_DEREFERENCE","tnDesc":"object returned by `getExpectedException()` could be null and is dereferenced at line 52.","tnFile":"src/main/java/org/junit/internal/runners/TestMethod.java","tnLine":52,"tnColumn":-1,"tnPatch":null,"tnCodeLine":null,"tnProcedure":"boolean TestMethod.isUnexpected(Throwable)","tnPhase":"PhaseUnknown","tnTool":{"tag":"Infer"}},{"tnType":"NULL_DEREFERENCE","tnDesc":"object returned by `sig.getAnnotation(org.junit.experimental.theories.FromDataPoints)` could be null and is dereferenced at line 59.","tnFile":"src/main/java/org/junit/experimental/theories/internal/SpecificDataPointsSupplier.java","tnLine":59,"tnColumn":-1,"tnPatch":null,"tnCodeLine":null,"tnProcedure":"Collection SpecificDataPointsSupplier.getSingleDataPointMethods(ParameterSignature)","tnPhase":"PhaseUnknown","tnTool":{"tag":"Infer"}},{"tnType":"RESOURCE_LEAK","tnDesc":"resource of type `java.io.PrintStream` acquired by call to `new()` at line 69 is not released after line 69.","tnFile":"src/main/java/org/junit/experimental/results/PrintableResult.java","tnLine":69,"tnColumn":-1,"tnPatch":null,"tnCodeLine":null,"tnProcedure":"String PrintableResult.toString()","tnPhase":"PhaseUnknown","tnTool":{"tag":"Infer"}},{"tnType":"NULL_DEREFERENCE","tnDesc":"object returned by `sig.getAnnotation(org.junit.experimental.theories.FromDataPoints)` could be null and is dereferenced at line 76.","tnFile":"src/main/java/org/junit/experimental/theories/internal/SpecificDataPointsSupplier.java","tnLine":76,"tnColumn":-1,"tnPatch":null,"tnCodeLine":null,"tnProcedure":"Collection SpecificDataPointsSupplier.getDataPointsMethods(ParameterSignature)","tnPhase":"PhaseUnknown","tnTool":{"tag":"Infer"}},{"tnType":"NULL_DEREFERENCE","tnDesc":"object returned by `MethodRoadie.testMethod.getExpectedException()` could be null and is dereferenced at line 110.","tnFile":"src/main/java/org/junit/internal/runners/MethodRoadie.java","tnLine":110,"tnColumn":-1,"tnPatch":null,"tnCodeLine":null,"tnProcedure":"void MethodRoadie.runTestMethod()","tnPhase":"PhaseUnknown","tnTool":{"tag":"Infer"}},{"tnType":"NULL_DEREFERENCE","tnDesc":"object `suite` last assigned on line 182 could be null and is dereferenced by call to `doRun(...)` at line 183.","tnFile":"src/main/java/junit/textui/TestRunner.java","tnLine":183,"tnColumn":-1,"tnPatch":null,"tnCodeLine":null,"tnProcedure":"TestResult TestRunner.start(java.lang.String[])","tnPhase":"PhaseUnknown","tnTool":{"tag":"Infer"}},{"tnType":"RESOURCE_LEAK","tnDesc":"resource of type `java.io.PrintWriter` acquired to `pw` by call to `new()` at line 282 is not released after line 293.\n**Note**: potential exception at line 288","tnFile":"src/main/java/junit/runner/BaseTestRunner.java","tnLine":293,"tnColumn":-1,"tnPatch":null,"tnCodeLine":null,"tnProcedure":"String BaseTestRunner.getFilteredTrace(String)","tnPhase":"PhaseUnknown","tnTool":{"tag":"Infer"}},{"tnType":"THREAD_SAFETY_VIOLATION","tnDesc":"Unprotected write. Non-private method `void ResultPrinter.printDefect(TestFailure,int)` indirectly writes to field `runner.BaseTestRunner.junit.runner.BaseTestRunner.fPreferences` outside of synchronization.\n Reporting because another access to the same memory occurs on a background thread, although this access may not.","tnFile":"src/main/java/junit/textui/ResultPrinter.java","tnLine":65,"tnColumn":-1,"tnPatch":null,"tnCodeLine":null,"tnProcedure":"void ResultPrinter.printDefect(TestFailure,int)","tnPhase":"PhaseUnknown","tnTool":{"tag":"Infer"}},{"tnType":"THREAD_SAFETY_VIOLATION","tnDesc":"Unprotected write. Non-private method `void ResultPrinter.printDefectTrace(TestFailure)` indirectly writes to field `runner.BaseTestRunner.junit.runner.BaseTestRunner.fPreferences` outside of synchronization.\n Reporting because another access to the same memory occurs on a background thread, although this access may not.","tnFile":"src/main/java/junit/textui/ResultPrinter.java","tnLine":75,"tnColumn":-1,"tnPatch":null,"tnCodeLine":null,"tnProcedure":"void ResultPrinter.printDefectTrace(TestFailure)","tnPhase":"PhaseUnknown","tnTool":{"tag":"Infer"}},{"tnType":"THREAD_SAFETY_VIOLATION","tnDesc":"Unprotected write. Non-private method `void ResultPrinter.printDefects(Enumeration,int,String)` indirectly writes to field `runner.BaseTestRunner.junit.runner.BaseTestRunner.fPreferences` outside of synchronization.\n Reporting because another access to the same memory occurs on a background thread, although this access may not.","tnFile":"src/main/java/junit/textui/ResultPrinter.java","tnLine":59,"tnColumn":-1,"tnPatch":null,"tnCodeLine":null,"tnProcedure":"void ResultPrinter.printDefects(Enumeration,int,String)","tnPhase":"PhaseUnknown","tnTool":{"tag":"Infer"}},{"tnType":"THREAD_SAFETY_VIOLATION","tnDesc":"Unprotected write. Non-private method `void ResultPrinter.printErrors(TestResult)` indirectly writes to field `runner.BaseTestRunner.junit.runner.BaseTestRunner.fPreferences` outside of synchronization.\n Reporting because another access to the same memory occurs on a background thread, although this access may not.","tnFile":"src/main/java/junit/textui/ResultPrinter.java","tnLine":44,"tnColumn":-1,"tnPatch":null,"tnCodeLine":null,"tnProcedure":"void ResultPrinter.printErrors(TestResult)","tnPhase":"PhaseUnknown","tnTool":{"tag":"Infer"}},{"tnType":"THREAD_SAFETY_VIOLATION","tnDesc":"Unprotected write. Non-private method `void ResultPrinter.printFailures(TestResult)` indirectly writes to field `runner.BaseTestRunner.junit.runner.BaseTestRunner.fPreferences` outside of synchronization.\n Reporting because another access to the same memory occurs on a background thread, although this access may not.","tnFile":"src/main/java/junit/textui/ResultPrinter.java","tnLine":48,"tnColumn":-1,"tnPatch":null,"tnCodeLine":null,"tnProcedure":"void ResultPrinter.printFailures(TestResult)","tnPhase":"PhaseUnknown","tnTool":{"tag":"Infer"}}],null]}],[{"tag":"ErrorProne"},{"tag":"ToolFailure","contents":{"tag":"ToolSurfacableFailure","contents":"BuildError {renderError = \"Execution Failed: \\\"---STDOUT---\\\\n---ERR---\\\\n\\\\nFAILURE: Build failed with an exception.\\\\n\\\\n* What went wrong:\\\\nA problem occurred configuring root project 'junit'.\\\\n> Could not open proj remapped class cache for etfpjugnvpbcsz0kq82mehesq (/root/.gradle/caches/5.2/scripts-remapped/build_2u0jik7jz8lewle574npp7o5e/etfpjugnvpbcsz0kq82mehesq/projeadbf4c451bc4876d277fc099d472843).\\\\n   > Could not open proj generic class cache for build file '/tmp/analyzing-246bd6bc770a5021/build.gradle' (/root/.gradle/caches/5.2/scripts/etfpjugnvpbcsz0kq82mehesq/proj/projeadbf4c451bc4876d277fc099d472843).\\\\n      > Metaspace\\\\n\\\\n* Try:\\\\nRun with --stacktrace option to get the stack trace. Run with --info or --debug option to get more log output. Run with --scan to get full insights.\\\\n\\\\n* Get more help at https://help.gradle.org\\\\n\\\\nBUILD FAILED in 7s\\\\n---CMD---\\\\nCreateProcess {cmdspec = RawCommand \\\\\\\"gradle\\\\\\\" [\\\\\\\"init\\\\\\\"], cwd = Just \\\\\\\"/tmp/analyzing-246bd6bc770a5021\\\\\\\", env = Nothing, std_in = Inherit, std_out = Inherit, std_err = Inherit, close_fds = False, create_group = False, delegate_ctlc = False, detach_console = False, create_new_console = False, new_session = False, child_group = Nothing, child_user = Nothing, use_process_jobs = False}\\\"\"}"}}]]}
