{"requestedTools":null,"toolResults":[[{"tag":"Infer"},{"tag":"ToolFailure","contents":{"tag":"ToolSurfacableFailure","contents":"BuildError while running Infer on master: Is the build broken?"}}],[{"tag":"ErrorProne"},{"tag":"ToolFailure","contents":{"tag":"ToolSurfacableFailure","contents":"BuildError {renderError = \"Execution Failed: \\\"---STDOUT---\\\\n---ERR---\\\\n\\\\nFAILURE: Build failed with an exception.\\\\n\\\\n* Where:\\\\nBuild file '/tmp/analyzing-751caafd4c80157f/external/storm-autocreds/build.gradle' line: 13\\\\n\\\\n* What went wrong:\\\\nA problem occurred evaluating project ':storm-autocreds'.\\\\n> Could not find method providedCompile() for arguments [project ':storm-client'] on object of type org.gradle.api.internal.artifacts.dsl.dependencies.DefaultDependencyHandler.\\\\n\\\\n* Try:\\\\nRun with --stacktrace option to get the stack trace. Run with --info or --debug option to get more log output. Run with --scan to get full insights.\\\\n\\\\n* Get more help at https://help.gradle.org\\\\n\\\\nBUILD FAILED in 2s\\\\n---CMD---\\\\nCreateProcess {cmdspec = RawCommand \\\\\\\"gradle\\\\\\\" [\\\\\\\"init\\\\\\\"], cwd = Just \\\\\\\"/tmp/analyzing-751caafd4c80157f\\\\\\\", env = Nothing, std_in = Inherit, std_out = Inherit, std_err = Inherit, close_fds = False, create_group = False, delegate_ctlc = False, detach_console = False, create_new_console = False, new_session = False, child_group = Nothing, child_user = Nothing, use_process_jobs = False}\\\"\"}"}}]]}
