{"tag":"AnalysisSuccess","contents":{"requestedTools":null,"toolResults":[[{"tag":"Infer"},{"tag":"ToolFailure","contents":{"tag":"ToolSurfaceableFailure","contents":["BuildError while running Infer on master: Is the build broken?","[DEBUG] [28/May/2019:19:26:37 +0000] [()] Analysis is starting.\n[DEBUG] [28/May/2019:19:26:37 +0000] [()] Getting analysis results for commit \"master\"\n[DEBUG] [28/May/2019:19:26:37 +0000] [()] Reading config file\n[DEBUG] [28/May/2019:19:26:37 +0000] [()] Final, parsed, repository configuration structure:\n    ProjSet\n      { buildCommand = Nothing\n      , argsList = []\n      , interestingIssue = <function>\n      , setupScript = Nothing\n      , toolList = Nothing\n      , customTools = []\n      , whitelist = Nothing\n      , jdk11 = False\n      }\n[DEBUG] [28/May/2019:19:26:38 +0000] [()] Determining tools...\n[DEBUG] [28/May/2019:19:26:38 +0000] [()]  infer ENABLED\n[DEBUG] [28/May/2019:19:26:38 +0000] [()] Trying to autodetect the build system based on files present in the repository.\n[DEBUG] [28/May/2019:19:26:38 +0000] [()]  errorprone ENABLED\n[DEBUG] [28/May/2019:19:26:38 +0000] [()]  hlint DISABLED, not applicable\n[DEBUG] [28/May/2019:19:26:38 +0000] [()] 2 applicable tools\n[DEBUG] [28/May/2019:19:26:38 +0000] [()] Sanitizing repository\n[DEBUG] [28/May/2019:19:26:38 +0000] [()] Running infer on branch master\n[DEBUG] [28/May/2019:19:26:38 +0000] [()]   Running infer bulk with a non-explicit build system.\n[DEBUG] [28/May/2019:19:32:33 +0000] [()] Infer BuildError: Src branch: All build attempts failed: Capture:\n-----\nCall Stack: \n------Execution Failed: \"Capturing in gradle mode...\\n19:32:31.840 [ERROR] [org.gradle.internal.buildevents.BuildExceptionReporter] \\n19:32:31.852 [ERROR] [org.gradle.internal.buildevents.BuildExceptionReporter] FAILURE: Build failed with an exception.\\n19:32:31.852 [ERROR] [org.gradle.internal.buildevents.BuildExceptionReporter] \\n19:32:31.852 [ERROR] [org.gradle.internal.buildevents.BuildExceptionReporter] * What went wrong:\\n19:32:31.852 [ERROR] [org.gradle.internal.buildevents.BuildExceptionReporter] A problem occurred configuring root project 'analyzing-325111be10672817'.\\n19:32:31.852 [ERROR] [org.gradle.internal.buildevents.BuildExceptionReporter] > SDK location not found. Define location with sdk.dir in the local.properties file or with an ANDROID_HOME environment variable.\\n19:32:31.852 [ERROR] [org.gradle.internal.buildevents.BuildExceptionReporter] \\n19:32:31.853 [ERROR] [org.gradle.internal.buildevents.BuildExceptionReporter] * Try:\\n19:32:31.853 [ERROR] [org.gradle.internal.buildevents.BuildExceptionReporter] Run with --stacktrace option to get the stack trace.  Run with --scan to get full insights.\\n19:32:31.853 [ERROR] [org.gradle.internal.buildevents.BuildExceptionReporter] \\n19:32:31.853 [ERROR] [org.gradle.internal.buildevents.BuildExceptionReporter] * Get more help at https://help.gradle.org\\n19:32:31.853 [ERROR] [org.gradle.internal.buildevents.BuildResultLogger] \\n19:32:31.853 [ERROR] [org.gradle.internal.buildevents.BuildResultLogger] BUILD FAILED in 13s\\nERROR: couldn't run compilation command `[u'./gradlew', '--debug', u'assemble']`\\nInternal Error:   /opt/infer-linux64-v0.16.0/lib/infer/infer/bin/../lib/python/infer.py\\n  --continue -j 2 --project-root /tmp/analyzing-325111be10672817 --out\\n  /tmp/analyzing-325111be10672817/infer-out -- ./gradlew assemble:\\n  exited with code 1\\nError backtrace:\\nRaised at file \\\"string.ml\\\", line 142, characters 16-31\\nCalled from file \\\"src/string.ml\\\", line 402, characters 12-33\\nCalled from file \\\"src/string.ml\\\", line 411, characters 11-33\\nRe-raised at file \\\"base/Die.ml\\\" (inlined), line 26, characters 8-56\\nCalled from file \\\"base/Die.ml\\\", line 32, characters 6-39\\nCalled from file \\\"integration/Driver.ml\\\", line 164, characters 2-16\\nCalled from file \\\"integration/Driver.ml\\\", line 282, characters 6-409\\nCalled from file \\\"integration/Driver.ml\\\", line 304, characters 2-29\\nCalled from file \\\"infer.ml\\\", line 20, characters 2-36\\nCalled from file \\\"infer.ml\\\", line 131, characters 8-54\\n\\nRun the command again with `--keep-going` to try and ignore this error.\\n\"\nCapture:\n-----\nCall Stack: \n------Execution Failed: \"Capturing in gradle mode...\\n19:29:19.014 [ERROR] [org.gradle.internal.buildevents.BuildExceptionReporter] \\n19:29:19.016 [ERROR] [org.gradle.internal.buildevents.BuildExceptionReporter] FAILURE: Build failed with an exception.\\n19:29:19.016 [ERROR] [org.gradle.internal.buildevents.BuildExceptionReporter] \\n19:29:19.016 [ERROR] [org.gradle.internal.buildevents.BuildExceptionReporter] * What went wrong:\\n19:29:19.017 [ERROR] [org.gradle.internal.buildevents.BuildExceptionReporter] A problem occurred configuring root project 'analyzing-325111be10672817'.\\n19:29:19.017 [ERROR] [org.gradle.internal.buildevents.BuildExceptionReporter] > SDK location not found. Define location with sdk.dir in the local.properties file or with an ANDROID_HOME environment variable.\\n19:29:19.017 [ERROR] [org.gradle.internal.buildevents.BuildExceptionReporter] \\n19:29:19.033 [ERROR] [org.gradle.internal.buildevents.BuildExceptionReporter] * Try:\\n19:29:19.033 [ERROR] [org.gradle.internal.buildevents.BuildExceptionReporter] Run with --stacktrace option to get the stack trace.  Run with --scan to get full insights.\\n19:29:19.037 [ERROR] [org.gradle.internal.buildevents.BuildExceptionReporter] \\n19:29:19.037 [ERROR] [org.gradle.internal.buildevents.BuildExceptionReporter] * Get more help at https://help.gradle.org\\n19:29:19.037 [ERROR] [org.gradle.internal.buildevents.BuildResultLogger] \\n19:29:19.039 [ERROR] [org.gradle.internal.buildevents.BuildResultLogger] BUILD FAILED in 2m 37s\\nERROR: couldn't run compilation command `[u'gradle', '--debug', u'assemble']`\\nInternal Error:   /opt/infer-linux64-v0.16.0/lib/infer/infer/bin/../lib/python/infer.py\\n  --continue -j 2 --project-root /tmp/analyzing-325111be10672817 --out\\n  /tmp/analyzing-325111be10672817/infer-out -- gradle assemble:\\n  exited with code 1\\nError backtrace:\\nRaised at file \\\"string.ml\\\", line 142, characters 16-31\\nCalled from file \\\"src/string.ml\\\", line 402, characters 12-33\\nCalled from file \\\"src/string.ml\\\", line 411, characters 11-33\\nRe-raised at file \\\"base/Die.ml\\\" (inlined), line 26, characters 8-56\\nCalled from file \\\"base/Die.ml\\\", line 32, characters 6-39\\nCalled from file \\\"integration/Driver.ml\\\", line 164, characters 2-16\\nCalled from file \\\"integration/Driver.ml\\\", line 282, characters 6-409\\nCalled from file \\\"integration/Driver.ml\\\", line 304, characters 2-29\\nCalled from file \\\"infer.ml\\\", line 20, characters 2-36\\nCalled from file \\\"infer.ml\\\", line 131, characters 8-54\\n\\nRun the command again with `--keep-going` to try and ignore this error.\\n\"\n\n"]}}],[{"tag":"ErrorProne"},{"tag":"ToolFailure","contents":{"tag":"ToolSurfaceableFailure","contents":["Execution Failed: ---STDOUT---\nVerifying com.android.support:design\nVerifying com.android.support:preference-v14\nVerifying com.android.support:preference-v7\nVerifying com.pnikosis:materialish-progress\nVerifying pl.tajchert:waitingdots\nVerifying com.theartofdev.edmodo:android-image-cropper\nVerifying mobi.upod:time-duration-picker\nVerifying com.codewaves.stickyheadergrid:stickyheadergrid\nVerifying com.android.support:appcompat-v7\nVerifying com.melnykov:floatingactionbutton\nVerifying com.android.support:recyclerview-v7\nVerifying com.android.support:support-v13\nVerifying com.android.support:cardview-v7\nVerifying com.android.support:gridlayout-v7\nVerifying com.android.support:exifinterface\nVerifying com.android.support.constraint:constraint-layout\nVerifying com.android.support:multidex\nVerifying android.arch.lifecycle:extensions\nVerifying android.arch.lifecycle:common-java8\nVerifying com.google.firebase:firebase-messaging\nVerifying com.google.android.gms:play-services-places\nVerifying com.google.android.gms:play-services-maps\nVerifying com.google.android.gms:play-services-auth\nVerifying com.google.android.exoplayer:exoplayer-ui\nVerifying com.google.android.exoplayer:exoplayer-core\nVerifying org.conscrypt:conscrypt-android\nVerifying org.signal:aesgcmprovider\nVerifying org.whispersystems:signal-service-android\nVerifying org.whispersystems:webrtc-android\nVerifying me.leolin:ShortcutBadger\nVerifying se.emilsjolander:stickylistheaders\nVerifying com.jpardogo.materialtabstrip:library\nVerifying org.apache.httpcomponents:httpclient-android\nVerifying com.github.chrisbanes:PhotoView\nVerifying com.github.bumptech.glide:glide\nVerifying com.makeramen:roundedimageview\nVerifying org.greenrobot:eventbus\nVerifying com.google.zxing:android-integration\nVerifying com.squareup.dagger:dagger\nVerifying com.amulyakhare:com.amulyakhare.textdrawable\nVerifying com.google.zxing:core\nVerifying com.davemorrissey.labs:subsampling-scale-image-view\nVerifying cn.carbswang.android:NumberPickerView\nVerifying com.tomergoldst.android:tooltips\nVerifying com.klinkerapps:android-smsmms\nVerifying com.annimon:stream\nVerifying com.takisoft.fix:colorpicker\nVerifying com.github.dmytrodanylyk.circular-progress-button:library\nVerifying org.signal:android-database-sqlcipher\nVerifying com.googlecode.ez-vcard:ez-vcard\nVerifying com.google.firebase:firebase-iid\nVerifying com.google.firebase:firebase-common\nVerifying com.google.android.gms:play-services-auth-api-phone\nVerifying com.google.android.gms:play-services-auth-base\nVerifying com.google.firebase:firebase-iid-interop\nVerifying com.google.android.gms:play-services-base\nVerifying com.google.android.gms:play-services-tasks\nVerifying com.google.android.gms:play-services-places-placereport\nVerifying com.google.android.gms:play-services-stats\nVerifying com.google.android.gms:play-services-basement\nVerifying com.android.support:support-v4\nVerifying com.android.support:support-fragment\nVerifying com.android.support:animated-vector-drawable\nVerifying com.android.support:support-core-ui\nVerifying com.android.support:support-core-utils\nVerifying com.android.support:support-vector-drawable\nVerifying com.android.support:transition\nVerifying com.android.support:loader\nVerifying com.android.support:viewpager\nVerifying com.android.support:coordinatorlayout\nVerifying com.android.support:drawerlayout\nVerifying com.android.support:slidingpanelayout\nVerifying com.android.support:customview\nVerifying com.android.support:swiperefreshlayout\nVerifying com.android.support:asynclayoutinflater\nVerifying com.android.support:support-media-compat\nVerifying com.android.support:support-compat\nVerifying com.android.support:versionedparcelable\nVerifying com.android.support:collections\nVerifying com.android.support:cursoradapter\nVerifying android.arch.lifecycle:runtime\nVerifying android.arch.lifecycle:livedata\nVerifying android.arch.lifecycle:livedata-core\nVerifying android.arch.core:runtime\nVerifying android.arch.core:common\nVerifying android.arch.lifecycle:common\nVerifying android.arch.lifecycle:viewmodel\nVerifying com.github.bumptech.glide:gifdecoder\nVerifying com.android.support:documentfile\nVerifying com.android.support:localbroadcastmanager\nVerifying com.android.support:print\nVerifying com.android.support:interpolator\nVerifying com.android.support:support-annotations\nVerifying com.android.support.constraint:constraint-layout-solver\nVerifying org.signal:signal-metadata-android\nVerifying org.whispersystems:signal-service-java\nVerifying com.github.bumptech.glide:disklrucache\nVerifying com.github.bumptech.glide:annotations\nVerifying com.nineoldandroids:library\nVerifying javax.inject:javax.inject\nVerifying com.klinkerapps:logger\nVerifying com.google.android:flexbox\nVerifying org.jsoup:jsoup\nVerifying org.whispersystems:signal-protocol-android\nVerifying org.signal:signal-metadata-java\nVerifying org.whispersystems:signal-protocol-java\nVerifying com.google.protobuf:protobuf-java\nVerifying com.googlecode.libphonenumber:libphonenumber\nVerifying com.fasterxml.jackson.core:jackson-databind\nVerifying com.squareup.okhttp3:okhttp\nVerifying org.threeten:threetenbp\nVerifying org.whispersystems:curve25519-android\nVerifying com.fasterxml.jackson.core:jackson-annotations\nVerifying com.fasterxml.jackson.core:jackson-core\nVerifying com.squareup.okio:okio\nVerifying org.whispersystems:curve25519-java\n---ERR---\n---CMD---\nCreateProcess {cmdspec = RawCommand \"gradle\" [\"-q\",\"-I\",\"/tmp/analyzing-325111be10672817/muse-compdb.gradle\",\"assemble\"], cwd = Just \"/tmp/analyzing-325111be10672817\", env = Nothing, std_in = Inherit, std_out = Inherit, std_err = Inherit, close_fds = False, create_group = False, delegate_ctlc = False, detach_console = False, create_new_console = False, new_session = False, child_group = Nothing, child_user = Nothing, use_process_jobs = False}","[DEBUG] [28/May/2019:19:26:37 +0000] [()] Analysis is starting.\n[DEBUG] [28/May/2019:19:26:37 +0000] [()] Getting analysis results for commit \"master\"\n[DEBUG] [28/May/2019:19:26:37 +0000] [()] Reading config file\n[DEBUG] [28/May/2019:19:26:37 +0000] [()] Final, parsed, repository configuration structure:\n    ProjSet\n      { buildCommand = Nothing\n      , argsList = []\n      , interestingIssue = <function>\n      , setupScript = Nothing\n      , toolList = Nothing\n      , customTools = []\n      , whitelist = Nothing\n      , jdk11 = False\n      }\n[DEBUG] [28/May/2019:19:26:38 +0000] [()] Determining tools...\n[DEBUG] [28/May/2019:19:26:38 +0000] [()]  infer ENABLED\n[DEBUG] [28/May/2019:19:26:38 +0000] [()] Trying to autodetect the build system based on files present in the repository.\n[DEBUG] [28/May/2019:19:26:38 +0000] [()]  errorprone ENABLED\n[DEBUG] [28/May/2019:19:26:38 +0000] [()]  hlint DISABLED, not applicable\n[DEBUG] [28/May/2019:19:26:38 +0000] [()] 2 applicable tools\n[DEBUG] [28/May/2019:19:26:38 +0000] [()] Sanitizing repository\n[DEBUG] [28/May/2019:19:26:38 +0000] [()] Running infer on branch master\n[DEBUG] [28/May/2019:19:26:38 +0000] [()]   Running infer bulk with a non-explicit build system.\n[DEBUG] [28/May/2019:19:32:33 +0000] [()] Infer BuildError: Src branch: All build attempts failed: Capture:\n-----\nCall Stack: \n------Execution Failed: \"Capturing in gradle mode...\\n19:32:31.840 [ERROR] [org.gradle.internal.buildevents.BuildExceptionReporter] \\n19:32:31.852 [ERROR] [org.gradle.internal.buildevents.BuildExceptionReporter] FAILURE: Build failed with an exception.\\n19:32:31.852 [ERROR] [org.gradle.internal.buildevents.BuildExceptionReporter] \\n19:32:31.852 [ERROR] [org.gradle.internal.buildevents.BuildExceptionReporter] * What went wrong:\\n19:32:31.852 [ERROR] [org.gradle.internal.buildevents.BuildExceptionReporter] A problem occurred configuring root project 'analyzing-325111be10672817'.\\n19:32:31.852 [ERROR] [org.gradle.internal.buildevents.BuildExceptionReporter] > SDK location not found. Define location with sdk.dir in the local.properties file or with an ANDROID_HOME environment variable.\\n19:32:31.852 [ERROR] [org.gradle.internal.buildevents.BuildExceptionReporter] \\n19:32:31.853 [ERROR] [org.gradle.internal.buildevents.BuildExceptionReporter] * Try:\\n19:32:31.853 [ERROR] [org.gradle.internal.buildevents.BuildExceptionReporter] Run with --stacktrace option to get the stack trace.  Run with --scan to get full insights.\\n19:32:31.853 [ERROR] [org.gradle.internal.buildevents.BuildExceptionReporter] \\n19:32:31.853 [ERROR] [org.gradle.internal.buildevents.BuildExceptionReporter] * Get more help at https://help.gradle.org\\n19:32:31.853 [ERROR] [org.gradle.internal.buildevents.BuildResultLogger] \\n19:32:31.853 [ERROR] [org.gradle.internal.buildevents.BuildResultLogger] BUILD FAILED in 13s\\nERROR: couldn't run compilation command `[u'./gradlew', '--debug', u'assemble']`\\nInternal Error:   /opt/infer-linux64-v0.16.0/lib/infer/infer/bin/../lib/python/infer.py\\n  --continue -j 2 --project-root /tmp/analyzing-325111be10672817 --out\\n  /tmp/analyzing-325111be10672817/infer-out -- ./gradlew assemble:\\n  exited with code 1\\nError backtrace:\\nRaised at file \\\"string.ml\\\", line 142, characters 16-31\\nCalled from file \\\"src/string.ml\\\", line 402, characters 12-33\\nCalled from file \\\"src/string.ml\\\", line 411, characters 11-33\\nRe-raised at file \\\"base/Die.ml\\\" (inlined), line 26, characters 8-56\\nCalled from file \\\"base/Die.ml\\\", line 32, characters 6-39\\nCalled from file \\\"integration/Driver.ml\\\", line 164, characters 2-16\\nCalled from file \\\"integration/Driver.ml\\\", line 282, characters 6-409\\nCalled from file \\\"integration/Driver.ml\\\", line 304, characters 2-29\\nCalled from file \\\"infer.ml\\\", line 20, characters 2-36\\nCalled from file \\\"infer.ml\\\", line 131, characters 8-54\\n\\nRun the command again with `--keep-going` to try and ignore this error.\\n\"\nCapture:\n-----\nCall Stack: \n------Execution Failed: \"Capturing in gradle mode...\\n19:29:19.014 [ERROR] [org.gradle.internal.buildevents.BuildExceptionReporter] \\n19:29:19.016 [ERROR] [org.gradle.internal.buildevents.BuildExceptionReporter] FAILURE: Build failed with an exception.\\n19:29:19.016 [ERROR] [org.gradle.internal.buildevents.BuildExceptionReporter] \\n19:29:19.016 [ERROR] [org.gradle.internal.buildevents.BuildExceptionReporter] * What went wrong:\\n19:29:19.017 [ERROR] [org.gradle.internal.buildevents.BuildExceptionReporter] A problem occurred configuring root project 'analyzing-325111be10672817'.\\n19:29:19.017 [ERROR] [org.gradle.internal.buildevents.BuildExceptionReporter] > SDK location not found. Define location with sdk.dir in the local.properties file or with an ANDROID_HOME environment variable.\\n19:29:19.017 [ERROR] [org.gradle.internal.buildevents.BuildExceptionReporter] \\n19:29:19.033 [ERROR] [org.gradle.internal.buildevents.BuildExceptionReporter] * Try:\\n19:29:19.033 [ERROR] [org.gradle.internal.buildevents.BuildExceptionReporter] Run with --stacktrace option to get the stack trace.  Run with --scan to get full insights.\\n19:29:19.037 [ERROR] [org.gradle.internal.buildevents.BuildExceptionReporter] \\n19:29:19.037 [ERROR] [org.gradle.internal.buildevents.BuildExceptionReporter] * Get more help at https://help.gradle.org\\n19:29:19.037 [ERROR] [org.gradle.internal.buildevents.BuildResultLogger] \\n19:29:19.039 [ERROR] [org.gradle.internal.buildevents.BuildResultLogger] BUILD FAILED in 2m 37s\\nERROR: couldn't run compilation command `[u'gradle', '--debug', u'assemble']`\\nInternal Error:   /opt/infer-linux64-v0.16.0/lib/infer/infer/bin/../lib/python/infer.py\\n  --continue -j 2 --project-root /tmp/analyzing-325111be10672817 --out\\n  /tmp/analyzing-325111be10672817/infer-out -- gradle assemble:\\n  exited with code 1\\nError backtrace:\\nRaised at file \\\"string.ml\\\", line 142, characters 16-31\\nCalled from file \\\"src/string.ml\\\", line 402, characters 12-33\\nCalled from file \\\"src/string.ml\\\", line 411, characters 11-33\\nRe-raised at file \\\"base/Die.ml\\\" (inlined), line 26, characters 8-56\\nCalled from file \\\"base/Die.ml\\\", line 32, characters 6-39\\nCalled from file \\\"integration/Driver.ml\\\", line 164, characters 2-16\\nCalled from file \\\"integration/Driver.ml\\\", line 282, characters 6-409\\nCalled from file \\\"integration/Driver.ml\\\", line 304, characters 2-29\\nCalled from file \\\"infer.ml\\\", line 20, characters 2-36\\nCalled from file \\\"infer.ml\\\", line 131, characters 8-54\\n\\nRun the command again with `--keep-going` to try and ignore this error.\\n\"\n\n[DEBUG] [28/May/2019:19:32:33 +0000] [()] Sanitizing repository\n[DEBUG] [28/May/2019:19:32:33 +0000] [()] Trying to autodetect the build system based on files present in the repository.\n[DEBUG] [28/May/2019:19:32:33 +0000] [()] Using build systems of [Gradlew [\"assemble\"],BuildGradle [\"assemble\"]] to build compilation database.\n[DEBUG] [28/May/2019:19:32:33 +0000] [()] Wrote the plugin for use with ./gradlew -I /tmp/analyzing-325111be10672817/muse-compdb.gradle assemble\n[DEBUG] [28/May/2019:19:32:49 +0000] [()] Wrote the plugin for use with gradle -I /tmp/analyzing-325111be10672817/muse-compdb.gradle assemble\n[DEBUG] [28/May/2019:19:33:11 +0000] [()] <function> BuildError: BuildError {renderError = \"Execution Failed: ---STDOUT---\\nVerifying com.android.support:design\\nVerifying com.android.support:preference-v14\\nVerifying com.android.support:preference-v7\\nVerifying com.pnikosis:materialish-progress\\nVerifying pl.tajchert:waitingdots\\nVerifying com.theartofdev.edmodo:android-image-cropper\\nVerifying mobi.upod:time-duration-picker\\nVerifying com.codewaves.stickyheadergrid:stickyheadergrid\\nVerifying com.android.support:appcompat-v7\\nVerifying com.melnykov:floatingactionbutton\\nVerifying com.android.support:recyclerview-v7\\nVerifying com.android.support:support-v13\\nVerifying com.android.support:cardview-v7\\nVerifying com.android.support:gridlayout-v7\\nVerifying com.android.support:exifinterface\\nVerifying com.android.support.constraint:constraint-layout\\nVerifying com.android.support:multidex\\nVerifying android.arch.lifecycle:extensions\\nVerifying android.arch.lifecycle:common-java8\\nVerifying com.google.firebase:firebase-messaging\\nVerifying com.google.android.gms:play-services-places\\nVerifying com.google.android.gms:play-services-maps\\nVerifying com.google.android.gms:play-services-auth\\nVerifying com.google.android.exoplayer:exoplayer-ui\\nVerifying com.google.android.exoplayer:exoplayer-core\\nVerifying org.conscrypt:conscrypt-android\\nVerifying org.signal:aesgcmprovider\\nVerifying org.whispersystems:signal-service-android\\nVerifying org.whispersystems:webrtc-android\\nVerifying me.leolin:ShortcutBadger\\nVerifying se.emilsjolander:stickylistheaders\\nVerifying com.jpardogo.materialtabstrip:library\\nVerifying org.apache.httpcomponents:httpclient-android\\nVerifying com.github.chrisbanes:PhotoView\\nVerifying com.github.bumptech.glide:glide\\nVerifying com.makeramen:roundedimageview\\nVerifying org.greenrobot:eventbus\\nVerifying com.google.zxing:android-integration\\nVerifying com.squareup.dagger:dagger\\nVerifying com.amulyakhare:com.amulyakhare.textdrawable\\nVerifying com.google.zxing:core\\nVerifying com.davemorrissey.labs:subsampling-scale-image-view\\nVerifying cn.carbswang.android:NumberPickerView\\nVerifying com.tomergoldst.android:tooltips\\nVerifying com.klinkerapps:android-smsmms\\nVerifying com.annimon:stream\\nVerifying com.takisoft.fix:colorpicker\\nVerifying com.github.dmytrodanylyk.circular-progress-button:library\\nVerifying org.signal:android-database-sqlcipher\\nVerifying com.googlecode.ez-vcard:ez-vcard\\nVerifying com.google.firebase:firebase-iid\\nVerifying com.google.firebase:firebase-common\\nVerifying com.google.android.gms:play-services-auth-api-phone\\nVerifying com.google.android.gms:play-services-auth-base\\nVerifying com.google.firebase:firebase-iid-interop\\nVerifying com.google.android.gms:play-services-base\\nVerifying com.google.android.gms:play-services-tasks\\nVerifying com.google.android.gms:play-services-places-placereport\\nVerifying com.google.android.gms:play-services-stats\\nVerifying com.google.android.gms:play-services-basement\\nVerifying com.android.support:support-v4\\nVerifying com.android.support:support-fragment\\nVerifying com.android.support:animated-vector-drawable\\nVerifying com.android.support:support-core-ui\\nVerifying com.android.support:support-core-utils\\nVerifying com.android.support:support-vector-drawable\\nVerifying com.android.support:transition\\nVerifying com.android.support:loader\\nVerifying com.android.support:viewpager\\nVerifying com.android.support:coordinatorlayout\\nVerifying com.android.support:drawerlayout\\nVerifying com.android.support:slidingpanelayout\\nVerifying com.android.support:customview\\nVerifying com.android.support:swiperefreshlayout\\nVerifying com.android.support:asynclayoutinflater\\nVerifying com.android.support:support-media-compat\\nVerifying com.android.support:support-compat\\nVerifying com.android.support:versionedparcelable\\nVerifying com.android.support:collections\\nVerifying com.android.support:cursoradapter\\nVerifying android.arch.lifecycle:runtime\\nVerifying android.arch.lifecycle:livedata\\nVerifying android.arch.lifecycle:livedata-core\\nVerifying android.arch.core:runtime\\nVerifying android.arch.core:common\\nVerifying android.arch.lifecycle:common\\nVerifying android.arch.lifecycle:viewmodel\\nVerifying com.github.bumptech.glide:gifdecoder\\nVerifying com.android.support:documentfile\\nVerifying com.android.support:localbroadcastmanager\\nVerifying com.android.support:print\\nVerifying com.android.support:interpolator\\nVerifying com.android.support:support-annotations\\nVerifying com.android.support.constraint:constraint-layout-solver\\nVerifying org.signal:signal-metadata-android\\nVerifying org.whispersystems:signal-service-java\\nVerifying com.github.bumptech.glide:disklrucache\\nVerifying com.github.bumptech.glide:annotations\\nVerifying com.nineoldandroids:library\\nVerifying javax.inject:javax.inject\\nVerifying com.klinkerapps:logger\\nVerifying com.google.android:flexbox\\nVerifying org.jsoup:jsoup\\nVerifying org.whispersystems:signal-protocol-android\\nVerifying org.signal:signal-metadata-java\\nVerifying org.whispersystems:signal-protocol-java\\nVerifying com.google.protobuf:protobuf-java\\nVerifying com.googlecode.libphonenumber:libphonenumber\\nVerifying com.fasterxml.jackson.core:jackson-databind\\nVerifying com.squareup.okhttp3:okhttp\\nVerifying org.threeten:threetenbp\\nVerifying org.whispersystems:curve25519-android\\nVerifying com.fasterxml.jackson.core:jackson-annotations\\nVerifying com.fasterxml.jackson.core:jackson-core\\nVerifying com.squareup.okio:okio\\nVerifying org.whispersystems:curve25519-java\\n---ERR---\\n---CMD---\\nCreateProcess {cmdspec = RawCommand \\\"gradle\\\" [\\\"-q\\\",\\\"-I\\\",\\\"/tmp/analyzing-325111be10672817/muse-compdb.gradle\\\",\\\"assemble\\\"], cwd = Just \\\"/tmp/analyzing-325111be10672817\\\", env = Nothing, std_in = Inherit, std_out = Inherit, std_err = Inherit, close_fds = False, create_group = False, delegate_ctlc = False, detach_console = False, create_new_console = False, new_session = False, child_group = Nothing, child_user = Nothing, use_process_jobs = False}\"}\n"]}}]]}}
