{"requestedTools":null,"toolResults":[[{"tag":"Infer"},{"tag":"ToolFailure","contents":{"tag":"ToolSurfacableFailure","contents":"BuildError while running Infer on master: Is the build broken?"}}],[{"tag":"ErrorProne"},{"tag":"ToolFailure","contents":{"tag":"ToolSurfacableFailure","contents":"BuildError {renderError = \"Execution Failed: \\\"---STDOUT---\\\\n---ERR---\\\\n\\\\nFAILURE: Build failed with an exception.\\\\n\\\\n* Where:\\\\nBuild file '/tmp/analyzing-a337e5de81ae0a04/build.gradle' line: 34\\\\n\\\\n* What went wrong:\\\\nA problem occurred evaluating root project 'flink-parent'.\\\\n> Project with path ':force-shading' could not be found in project ':flink-annotations'.\\\\n\\\\n* Try:\\\\nRun with --stacktrace option to get the stack trace. Run with --info or --debug option to get more log output. Run with --scan to get full insights.\\\\n\\\\n* Get more help at https://help.gradle.org\\\\n\\\\nBUILD FAILED in 2s\\\\n---CMD---\\\\nCreateProcess {cmdspec = RawCommand \\\\\\\"gradle\\\\\\\" [\\\\\\\"init\\\\\\\"], cwd = Just \\\\\\\"/tmp/analyzing-a337e5de81ae0a04\\\\\\\", env = Nothing, std_in = Inherit, std_out = Inherit, std_err = Inherit, close_fds = False, create_group = False, delegate_ctlc = False, detach_console = False, create_new_console = False, new_session = False, child_group = Nothing, child_user = Nothing, use_process_jobs = False}\\\"\"}"}}]]}
