{"tag":"AnalysisSuccess","contents":{"requestedTools":null,"toolResults":[[{"tag":"Infer"},{"tag":"ToolSuccess","contents":[[{"tnType":"NULL_DEREFERENCE","tnDesc":"object `null` is dereferenced by call to `Suite(...)` at line 33.","tnFile":"src/main/java/org/junit/runners/Suite.java","tnLine":33,"tnColumn":-1,"tnPatch":null,"tnCodeLine":null,"tnProcedure":"org.junit.runners.Suite.emptySuite():org.junit.runner.Runner","tnPhase":"PhaseUnknown","tnTool":{"tag":"Infer"}},{"tnType":"NULL_DEREFERENCE","tnDesc":"object `suite` last assigned on line 182 could be null and is dereferenced by call to `doRun(...)` at line 183.","tnFile":"src/main/java/junit/textui/TestRunner.java","tnLine":183,"tnColumn":-1,"tnPatch":null,"tnCodeLine":null,"tnProcedure":"junit.textui.TestRunner.start(java.lang.String[]):junit.framework.TestResult","tnPhase":"PhaseUnknown","tnTool":{"tag":"Infer"}},{"tnType":"NULL_DEREFERENCE","tnDesc":"object returned by `MethodRoadie.testMethod.getExpectedException()` could be null and is dereferenced at line 110.","tnFile":"src/main/java/org/junit/internal/runners/MethodRoadie.java","tnLine":110,"tnColumn":-1,"tnPatch":null,"tnCodeLine":null,"tnProcedure":"org.junit.internal.runners.MethodRoadie.runTestMethod():void","tnPhase":"PhaseUnknown","tnTool":{"tag":"Infer"}},{"tnType":"NULL_DEREFERENCE","tnDesc":"object returned by `sig.getAnnotation(org.junit.experimental.theories.FromDataPoints)` could be null and is dereferenced at line 59.","tnFile":"src/main/java/org/junit/experimental/theories/internal/SpecificDataPointsSupplier.java","tnLine":59,"tnColumn":-1,"tnPatch":null,"tnCodeLine":null,"tnProcedure":"org.junit.experimental.theories.internal.SpecificDataPointsSupplier.getSingleDataPointMethods(org.junit.experimental.theories.ParameterSignature):java.util.Collection","tnPhase":"PhaseUnknown","tnTool":{"tag":"Infer"}},{"tnType":"NULL_DEREFERENCE","tnDesc":"object returned by `sig.getAnnotation(org.junit.experimental.theories.FromDataPoints)` could be null and is dereferenced at line 42.","tnFile":"src/main/java/org/junit/experimental/theories/internal/SpecificDataPointsSupplier.java","tnLine":42,"tnColumn":-1,"tnPatch":null,"tnCodeLine":null,"tnProcedure":"org.junit.experimental.theories.internal.SpecificDataPointsSupplier.getDataPointsFields(org.junit.experimental.theories.ParameterSignature):java.util.Collection","tnPhase":"PhaseUnknown","tnTool":{"tag":"Infer"}},{"tnType":"THREAD_SAFETY_VIOLATION","tnDesc":"Unprotected write. Non-private method `void ResultPrinter.printDefect(TestFailure,int)` indirectly writes to field `runner.BaseTestRunner.fPreferences` outside of synchronization.\n Reporting because another access to the same memory occurs on a background thread, although this access may not.","tnFile":"src/main/java/junit/textui/ResultPrinter.java","tnLine":65,"tnColumn":-1,"tnPatch":null,"tnCodeLine":null,"tnProcedure":"junit.textui.ResultPrinter.printDefect(junit.framework.TestFailure,int):void","tnPhase":"PhaseUnknown","tnTool":{"tag":"Infer"}},{"tnType":"THREAD_SAFETY_VIOLATION","tnDesc":"Unprotected write. Non-private method `void ResultPrinter.printErrors(TestResult)` indirectly writes to field `runner.BaseTestRunner.fPreferences` outside of synchronization.\n Reporting because another access to the same memory occurs on a background thread, although this access may not.","tnFile":"src/main/java/junit/textui/ResultPrinter.java","tnLine":44,"tnColumn":-1,"tnPatch":null,"tnCodeLine":null,"tnProcedure":"junit.textui.ResultPrinter.printErrors(junit.framework.TestResult):void","tnPhase":"PhaseUnknown","tnTool":{"tag":"Infer"}},{"tnType":"NULL_DEREFERENCE","tnDesc":"object returned by `sig.getAnnotation(org.junit.experimental.theories.FromDataPoints)` could be null and is dereferenced at line 25.","tnFile":"src/main/java/org/junit/experimental/theories/internal/SpecificDataPointsSupplier.java","tnLine":25,"tnColumn":-1,"tnPatch":null,"tnCodeLine":null,"tnProcedure":"org.junit.experimental.theories.internal.SpecificDataPointsSupplier.getSingleDataPointFields(org.junit.experimental.theories.ParameterSignature):java.util.Collection","tnPhase":"PhaseUnknown","tnTool":{"tag":"Infer"}},{"tnType":"NULL_DEREFERENCE","tnDesc":"object `testedOn` last assigned on line 18 could be null and is dereferenced at line 19.","tnFile":"src/main/java/org/junit/experimental/theories/suppliers/TestedOnSupplier.java","tnLine":19,"tnColumn":-1,"tnPatch":null,"tnCodeLine":null,"tnProcedure":"org.junit.experimental.theories.suppliers.TestedOnSupplier.getValueSources(org.junit.experimental.theories.ParameterSignature):java.util.List","tnPhase":"PhaseUnknown","tnTool":{"tag":"Infer"}},{"tnType":"RESOURCE_LEAK","tnDesc":"resource of type `java.io.PrintStream` acquired by call to `new()` at line 69 is not released after line 69.","tnFile":"src/main/java/org/junit/experimental/results/PrintableResult.java","tnLine":69,"tnColumn":-1,"tnPatch":null,"tnCodeLine":null,"tnProcedure":"org.junit.experimental.results.PrintableResult.toString():java.lang.String","tnPhase":"PhaseUnknown","tnTool":{"tag":"Infer"}},{"tnType":"THREAD_SAFETY_VIOLATION","tnDesc":"Unprotected write. Non-private method `void ResultPrinter.printFailures(TestResult)` indirectly writes to field `runner.BaseTestRunner.fPreferences` outside of synchronization.\n Reporting because another access to the same memory occurs on a background thread, although this access may not.","tnFile":"src/main/java/junit/textui/ResultPrinter.java","tnLine":48,"tnColumn":-1,"tnPatch":null,"tnCodeLine":null,"tnProcedure":"junit.textui.ResultPrinter.printFailures(junit.framework.TestResult):void","tnPhase":"PhaseUnknown","tnTool":{"tag":"Infer"}},{"tnType":"THREAD_SAFETY_VIOLATION","tnDesc":"Unprotected write. Non-private method `void ResultPrinter.printDefects(Enumeration,int,String)` indirectly writes to field `runner.BaseTestRunner.fPreferences` outside of synchronization.\n Reporting because another access to the same memory occurs on a background thread, although this access may not.","tnFile":"src/main/java/junit/textui/ResultPrinter.java","tnLine":59,"tnColumn":-1,"tnPatch":null,"tnCodeLine":null,"tnProcedure":"junit.textui.ResultPrinter.printDefects(java.util.Enumeration,int,java.lang.String):void","tnPhase":"PhaseUnknown","tnTool":{"tag":"Infer"}},{"tnType":"RESOURCE_LEAK","tnDesc":"resource of type `java.io.PrintWriter` acquired to `pw` by call to `new()` at line 282 is not released after line 293.\n**Note**: potential exception at line 288","tnFile":"src/main/java/junit/runner/BaseTestRunner.java","tnLine":293,"tnColumn":-1,"tnPatch":null,"tnCodeLine":null,"tnProcedure":"junit.runner.BaseTestRunner.getFilteredTrace(java.lang.String):java.lang.String","tnPhase":"PhaseUnknown","tnTool":{"tag":"Infer"}},{"tnType":"NULL_DEREFERENCE","tnDesc":"object returned by `getExpectedException()` could be null and is dereferenced at line 52.","tnFile":"src/main/java/org/junit/internal/runners/TestMethod.java","tnLine":52,"tnColumn":-1,"tnPatch":null,"tnCodeLine":null,"tnProcedure":"org.junit.internal.runners.TestMethod.isUnexpected(java.lang.Throwable):boolean","tnPhase":"PhaseUnknown","tnTool":{"tag":"Infer"}},{"tnType":"NULL_DEREFERENCE","tnDesc":"object returned by `sig.getAnnotation(org.junit.experimental.theories.FromDataPoints)` could be null and is dereferenced at line 76.","tnFile":"src/main/java/org/junit/experimental/theories/internal/SpecificDataPointsSupplier.java","tnLine":76,"tnColumn":-1,"tnPatch":null,"tnCodeLine":null,"tnProcedure":"org.junit.experimental.theories.internal.SpecificDataPointsSupplier.getDataPointsMethods(org.junit.experimental.theories.ParameterSignature):java.util.Collection","tnPhase":"PhaseUnknown","tnTool":{"tag":"Infer"}},{"tnType":"THREAD_SAFETY_VIOLATION","tnDesc":"Unprotected write. Non-private method `void ResultPrinter.printDefectTrace(TestFailure)` indirectly writes to field `runner.BaseTestRunner.fPreferences` outside of synchronization.\n Reporting because another access to the same memory occurs on a background thread, although this access may not.","tnFile":"src/main/java/junit/textui/ResultPrinter.java","tnLine":75,"tnColumn":-1,"tnPatch":null,"tnCodeLine":null,"tnProcedure":"junit.textui.ResultPrinter.printDefectTrace(junit.framework.TestFailure):void","tnPhase":"PhaseUnknown","tnTool":{"tag":"Infer"}}],null,{"analysisLOC":null,"analysisBuildSys":"Maven []","analysisLang":null}]}]],"debugLog":"aven.apache.org/maven2/org/apache/maven/enforcer/enforcer-api/1.4/enforcer-api-1.4.pom\\n[INFO] Downloaded from central: https://repo.maven.apache.org/maven2/org/apache/maven/enforcer/enforcer-api/1.4/enforcer-api-1.4.pom (2.6 kB at 176 kB/s)\\n[INFO] Downloading from central: https://repo.maven.apache.org/maven2/org/apache/maven/enforcer/enforcer-rules/1.4/enforcer-rules-1.4.pom\\n[INFO] Downloaded from central: https://repo.maven.apache.org/maven2/org/apache/maven/enforcer/enforcer-rules/1.4/enforcer-rules-1.4.pom (3.7 kB at 232 kB/s)\\n[INFO] Downloading from central: https://repo.maven.apache.org/maven2/org/apache/maven/enforcer/enforcer-api/1.4/enforcer-api-1.4.jar\\n[INFO] Downloading from central: https://repo.maven.apache.org/maven2/org/apache/maven/enforcer/enforcer-rules/1.4/enforcer-rules-1.4.jar\\n[INFO] Downloaded from central: https://repo.maven.apache.org/maven2/org/apache/maven/enforcer/enforcer-api/1.4/enforcer-api-1.4.jar (11 kB at 654 kB/s)\\n[INFO] Downloaded from central: https://repo.maven.apache.org/maven2/org/apache/maven/enforcer/enforcer-rules/1.4/enforcer-rules-1.4.jar (99 kB at 1.5 MB/s)\\n[INFO] \\n[INFO] --- replacer:1.5.3:replace (default) @ junit ---\\n[INFO] Downloading from central: https://repo.maven.apache.org/maven2/org/apache/maven/maven-plugin-api/3.0.3/maven-plugin-api-3.0.3.pom\\n[INFO] Downloaded from central: https://repo.maven.apache.org/maven2/org/apache/maven/maven-plugin-api/3.0.3/maven-plugin-api-3.0.3.pom (2.3 kB at 76 kB/s)\\n[INFO] Downloading from central: https://repo.maven.apache.org/maven2/org/apache/maven/maven/3.0.3/maven-3.0.3.pom\\n[INFO] Downloaded from central: https://repo.maven.apache.org/maven2/org/apache/maven/maven/3.0.3/maven-3.0.3.pom (23 kB at 1.3 MB/s)\\n[INFO] Downloading from central: https://repo.maven.apache.org/maven2/org/apache/maven/maven-model/3.0.3/maven-model-3.0.3.pom\\n[INFO] Downloaded from central: https://repo.maven.apache.org/maven2/org/apache/maven/maven-model/3.0.3/maven-model-3.0.3.pom (3.9 kB at 260 kB/s)\\n[INFO] Downloading from central: https://repo.maven.apache.org/maven2/org/apache/maven/maven-artifact/3.0.3/maven-artifact-3.0.3.pom\\n[INFO] Downloaded from central: https://repo.maven.apache.org/maven2/org/apache/maven/maven-artifact/3.0.3/maven-artifact-3.0.3.pom (1.9 kB at 96 kB/s)\\n[INFO] Downloading from central: https://repo.maven.apache.org/maven2/org/sonatype/sisu/sisu-inject-plexus/2.1.1/sisu-inject-plexus-2.1.1.pom\\n[INFO] Downloaded from central: https://repo.maven.apache.org/maven2/org/sonatype/sisu/sisu-inject-plexus/2.1.1/sisu-inject-plexus-2.1.1.pom (3.0 kB at 137 kB/s)\\n[INFO] Downloading from central: https://repo.maven.apache.org/maven2/org/sonatype/sisu/inject/guice-plexus/2.1.1/guice-plexus-2.1.1.pom\\n[INFO] Downloaded from central: https://repo.maven.apache.org/maven2/org/sonatype/sisu/inject/guice-plexus/2.1.1/guice-plexus-2.1.1.pom (3.6 kB at 148 kB/s)\\n[INFO] Downloading from central: https://repo.maven.apache.org/maven2/org/sonatype/sisu/inject/guice-bean/2.1.1/guice-bean-2.1.1.pom\\n[INFO] Downloaded from central: https://repo.maven.apache.org/maven2/org/sonatype/sisu/inject/guice-bean/2.1.1/guice-bean-2.1.1.pom (3.0 kB at 218 kB/s)\\n[INFO] Downloading from central: https://repo.maven.apache.org/maven2/org/sonatype/sisu/sisu-inject/2.1.1/sisu-inject-2.1.1.pom\\n[INFO] Downloaded from central: https://repo.maven.apache.org/maven2/org/sonatype/sisu/sisu-inject/2.1.1/sisu-inject-2.1.1.pom (1.8 kB at 104 kB/s)\\n[INFO] Downloading from central: https://repo.maven.apache.org/maven2/org/sonatype/sisu/sisu-parent/2.1.1/sisu-parent-2.1.1.pom\\n[INFO] Downloaded from central: https://repo.maven.apache.org/maven2/org/sonatype/sisu/sisu-parent/2.1.1/sisu-parent-2.1.1.pom (9.3 kB at 488 kB/s)\\n[INFO] Downloading from central: https://repo.maven.apache.org/maven2/org/sonatype/forge/forge-parent/7/forge-parent-7.pom\\n[INFO] Downloaded from central: https://repo.maven.apache.org/maven2/org/sonatype/forge/forge-parent/7/forge-parent-7.pom (13 kB at 529 kB/s)\\n[INFO] Downloading from central: https://repo.maven.apache.org/maven2/org/sonatype/sisu/sisu-inject-bean/2.1.1/sisu-inject-bean-2.1.1.pom\\n[INFO] Downloaded from central: https://repo.maven.apache.org/maven2/org/sonatype/sisu/sisu-inject-bean/2.1.1/sisu-inject-bean-2.1.1.pom (3.0 kB at 176 kB/s)\\n[INFO] Downloading from central: https://repo.maven.apache.org/maven2/org/sonatype/sisu/sisu-guice/2.9.4/sisu-guice-2.9.4.pom\\n[INFO] Downloaded from central: https://repo.maven.apache.org/maven2/org/sonatype/sisu/sisu-guice/2.9.4/sisu-guice-2.9.4.pom (7.8 kB at 357 kB/s)\\n[INFO] Downloading from central: https://repo.maven.apache.org/maven2/org/sonatype/sisu/inject/guice-parent/2.9.4/guice-parent-2.9.4.pom\\n[INFO] Downloaded from central: https://repo.maven.apache.org/maven2/org/sonatype/sisu/inject/guice-parent/2.9.4/guice-parent-2.9.4.pom (13 kB at 589 kB/s)\\n[INFO] Downloading from central: https://repo.maven.apache.org/maven2/commons-io/commons-io/2.1/commons-io-2.1.pom\\n[INFO] Downloaded from central: https://repo.maven.apache.org/maven2/commons-io/commons-io/2.1/commons-io-2.1.pom (11 kB at 462 kB/s)\\n[INFO] Downloading from central: https://repo.maven.apache.org/maven2/xerces/xercesImpl/2.8.0/xercesImpl-2.8.0.pom\\n[INFO] Downloaded from central: https://repo.maven.apache.org/maven2/xerces/xercesImpl/2.8.0/xercesImpl-2.8.0.pom (1.4 kB at 94 kB/s)\\n[INFO] Downloading from central: https://repo.maven.apache.org/maven2/org/apache/maven/maven-plugin-api/3.0.3/maven-plugin-api-3.0.3.jar\\n[INFO] Downloading from central: https://repo.maven.apache.org/maven2/org/sonatype/sisu/sisu-inject-plexus/2.1.1/sisu-inject-plexus-2.1.1.jar\\n[INFO] Downloading from central: https://repo.maven.apache.org/maven2/org/apache/maven/maven-model/3.0.3/maven-model-3.0.3.jar\\n[INFO] Downloading from central: https://repo.maven.apache.org/maven2/org/apache/maven/maven-artifact/3.0.3/maven-artifact-3.0.3.jar\\n[INFO] Downloading from central: https://repo.maven.apache.org/maven2/org/sonatype/sisu/sisu-inject-bean/2.1.1/sisu-inject-bean-2.1.1.jar\\n[INFO] Downloaded from central: https://repo.maven.apache.org/maven2/org/apache/maven/maven-plugin-api/3.0.3/maven-plugin-api-3.0.3.jar (49 kB at 965 kB/s)\\n[INFO] Downloading from central: https://repo.maven.apache.org/maven2/org/sonatype/sisu/sisu-guice/2.9.4/sisu-guice-2.9.4-no_aop.jar\\n[INFO] Downloaded from central: https://repo.maven.apache.org/maven2/org/apache/maven/maven-model/3.0.3/maven-model-3.0.3.jar (163 kB at 2.2 MB/s)\\n[INFO] Downloading from central: https://repo.maven.apache.org/maven2/commons-io/commons-io/2.1/commons-io-2.1.jar\\n[INFO] Downloaded from central: https://repo.maven.apache.org/maven2/org/sonatype/sisu/sisu-inject-plexus/2.1.1/sisu-inject-plexus-2.1.1.jar (196 kB at 2.1 MB/s)\\n[INFO] Downloading from central: https://repo.maven.apache.org/maven2/xerces/xercesImpl/2.8.0/xercesImpl-2.8.0.jar\\n[INFO] Downloaded from central: https://repo.maven.apache.org/maven2/org/apache/maven/maven-artifact/3.0.3/maven-artifact-3.0.3.jar (52 kB at 389 kB/s)\\n[INFO] Downloading from central: https://repo.maven.apache.org/maven2/xml-apis/xml-apis/1.3.03/xml-apis-1.3.03.jar\\n[INFO] Downloaded from central: https://repo.maven.apache.org/maven2/org/sonatype/sisu/sisu-inject-bean/2.1.1/sisu-inject-bean-2.1.1.jar (230 kB at 1.5 MB/s)\\n[INFO] Downloaded from central: https://repo.maven.apache.org/maven2/org/sonatype/sisu/sisu-guice/2.9.4/sisu-guice-2.9.4-no_aop.jar (484 kB at 2.3 MB/s)\\n[INFO] Downloaded from central: https://repo.maven.apache.org/maven2/commons-io/commons-io/2.1/commons-io-2.1.jar (163 kB at 762 kB/s)\\n[INFO] Downloaded from central: https://repo.maven.apache.org/maven2/xml-apis/xml-apis/1.3.03/xml-apis-1.3.03.jar (195 kB at 860 kB/s)\\n[INFO] Downloaded from central: https://repo.maven.apache.org/maven2/xerces/xercesImpl/2.8.0/xercesImpl-2.8.0.jar (1.2 MB at 4.3 MB/s)\\n[INFO] Replacement run on 1 file.\\n[INFO] \\n[INFO] --- maven-resources-plugin:2.7:resources (default-resources) @ junit ---\\n[INFO] Downloading from central: https://repo.maven.apache.org/maven2/org/apache/maven/shared/maven-filtering/1.2/maven-filtering-1.2.pom\\n[INFO] Downloaded from central: https://repo.maven.apache.org/maven2/org/apache/maven/shared/maven-filtering/1.2/maven-filtering-1.2.pom (6.5 kB at 283 kB/s)\\n[INFO] Downloading from central: https://repo.maven.apache.org/maven2/org/apache/maven/shared/maven-filtering/1.2/maven-filtering-1.2.jar\\n[INFO] Downloaded from central: https://repo.maven.apache.org/maven2/org/apache/maven/shared/maven-filtering/1.2/maven-filtering-1.2.jar (44 kB at 2.0 MB/s)\\n[INFO] Using 'ISO-8859-1' encoding to copy filtered resources.\\n[INFO] Copying 2 resources\\n[INFO] Copying 1 resource\\n[INFO] \\n[INFO] --- maven-compiler-plugin:3.3:compile (default-compile) @ junit ---\\n[INFO] Downloading from central: https://repo.maven.apache.org/maven2/org/codehaus/plexus/plexus-compiler-manager/2.5/plexus-compiler-manager-2.5.pom\\n[INFO] Downloaded from central: https://repo.maven.apache.org/maven2/org/codehaus/plexus/plexus-compiler-manager/2.5/plexus-compiler-manager-2.5.pom (690 B at 23 kB/s)\\n[INFO] Downloading from central: https://repo.maven.apache.org/maven2/org/codehaus/plexus/plexus-compiler-javac/2.5/plexus-compiler-javac-2.5.pom\\n[INFO] Downloaded from central: https://repo.maven.apache.org/maven2/org/codehaus/plexus/plexus-compiler-javac/2.5/plexus-compiler-javac-2.5.pom (769 B at 55 kB/s)\\n[INFO] Downloading from central: https://repo.maven.apache.org/maven2/org/codehaus/plexus/plexus-compilers/2.5/plexus-compilers-2.5.pom\\n[INFO] Downloaded from central: https://repo.maven.apache.org/maven2/org/codehaus/plexus/plexus-compilers/2.5/plexus-compilers-2.5.pom (1.3 kB at 81 kB/s)\\n[INFO] Downloading from central: https://repo.maven.apache.org/maven2/org/codehaus/plexus/plexus-compiler-manager/2.5/plexus-compiler-manager-2.5.jar\\n[INFO] Downloading from central: https://repo.maven.apache.org/maven2/org/codehaus/plexus/plexus-compiler-javac/2.5/plexus-compiler-javac-2.5.jar\\n[INFO] Downloaded from central: https://repo.maven.apache.org/maven2/org/codehaus/plexus/plexus-compiler-manager/2.5/plexus-compiler-manager-2.5.jar (4.6 kB at 285 kB/s)\\n[INFO] Downloaded from central: https://repo.maven.apache.org/maven2/org/codehaus/plexus/plexus-compiler-javac/2.5/plexus-compiler-javac-2.5.jar (19 kB at 690 kB/s)\\n[INFO] Changes detected - recompiling the module!\\n[INFO] Compiling 216 source files to /tmp/analyzing-475364ce81f72e5c/target/classes\\n[WARNING] To suppress warnings about obsolete options, use -Xlint:-options.\\n/tmp/analyzing-475364ce81f72e5c/src/main/java/org/junit/matchers/JUnitMatchers.java:[7,34] [deprecation] StacktracePrintingMatcher in org.junit.internal.matchers has been deprecated\\n[WARNING] /tmp/analyzing-475364ce81f72e5c/src/main/java/org/junit/rules/ExpectedExceptionMatcherBuilder.java:[4,32] [deprecation] JUnitMatchers in org.junit.matchers has been deprecated\\n[WARNING] /tmp/analyzing-475364ce81f72e5c/src/main/java/junit/extensions/TestDecorator.java:[3,22] [deprecation] Assert in junit.framework has been deprecated\\n[WARNING] /tmp/analyzing-475364ce81f72e5c/src/main/java/org/junit/rules/ExpectedException.java:[8,41] [deprecation] ThrowableCauseMatcher in org.junit.internal.matchers has been deprecated\\n[WARNING] /tmp/analyzing-475364ce81f72e5c/src/main/java/org/junit/runner/FilterFactories.java:[19,7] no description for @throws\\n[WARNING] /tmp/analyzing-475364ce81f72e5c/src/main/java/org/junit/internal/Classes.java:[24,7] no description for @throws\\n[WARNING] /tmp/analyzing-475364ce81f72e5c/src/main/java/org/junit/internal/Classes.java:[37,7] no description for @throws\\n[WARNING] /tmp/analyzing-475364ce81f72e5c/src/main/java/org/junit/runner/JUnitCore.java:[66,7] no description for @param\\n[WARNING] /tmp/analyzing-475364ce81f72e5c/src/main/java/org/junit/runner/notification/SynchronizedRunListener.java:[67,7] no description for @throws\\n[WARNING] /tmp/analyzing-475364ce81f72e5c/src/main/java/org/junit/internal/runners/statements/FailOnTimeout.java:[109,11] no description for @param\\n[WARNING] /tmp/analyzing-475364ce81f72e5c/src/main/java/org/junit/runners/model/FrameworkMember.java:[33,19] [unchecked] unchecked cast\\n[INFO] \\n[INFO] --- maven-resources-plugin:2.7:testResources (default-testResources) @ junit ---\\n[INFO] Using 'ISO-8859-1' encoding to copy filtered resources.\\n[INFO] Copying 7 resources\\n[INFO] \\n[INFO] --- maven-compiler-plugin:3.3:testCompile (default-testCompile) @ junit ---\\n[INFO] Changes detected - recompiling the module!\\n[INFO] Compiling 250 source files to /tmp/analyzing-475364ce81f72e5c/target/test-classes\\n[WARNING] To suppress warnings about obsolete options, use -Xlint:-options.\\n/tmp/analyzing-475364ce81f72e5c/src/test/java/org/junit/runner/FilterFactoriesTest.java:[11,22] [deprecation] ExpectedException in org.junit.rules has been deprecated\\n[WARNING] /tmp/analyzing-475364ce81f72e5c/src/test/java/org/junit/runners/model/FrameworkFieldTest.java:[7,29] [deprecation] ExpectedException in org.junit.rules has been deprecated\\n[WARNING] /tmp/analyzing-475364ce81f72e5c/src/test/java/org/junit/runners/model/FrameworkFieldTest.java:[15,22] [deprecation] ExpectedException in org.junit.rules has been deprecated\\n[WARNING] /tmp/analyzing-475364ce81f72e5c/src/test/java/org/junit/tests/validation/BadlyFormedClassesTest.java:[9,33] [deprecation] JUnit4ClassRunner in org.junit.internal.runners has been deprecated\\n[WARNING] /tmp/analyzing-475364ce81f72e5c/src/test/java/org/junit/validator/AnnotationValidatorFactoryTest.java:[8,22] [deprecation] ExpectedException in org.junit.rules has been deprecated\\n[WARNING] /tmp/analyzing-475364ce81f72e5c/src/test/java/org/junit/experimental/categories/CategoryFilterFactoryTest.java:[11,22] [deprecation] ExpectedException in org.junit.rules has been deprecated\\n[WARNING] /tmp/analyzing-475364ce81f72e5c/src/test/java/org/junit/runners/parameterized/BlockJUnit4ClassRunnerWithParametersTest.java:[6,29] [deprecation] ExpectedException in org.junit.rules has been deprecated\\n[WARNING] /tmp/analyzing-475364ce81f72e5c/src/test/java/org/junit/runners/parameterized/BlockJUnit4ClassRunnerWithParametersTest.java:[18,22] [deprecation] ExpectedException in org.junit.rules has been deprecated\\n[WARNING] /tmp/analyzing-475364ce81f72e5c/src/test/java/org/junit/rules/ExpectedExceptionTest.java:[13,29] [deprecation] ExpectedException in org.junit.rules has been deprecated\\n[WARNING] /tmp/analyzing-475364ce81f72e5c/src/test/java/org/junit/tests/deprecated/JUnit4ClassRunnerTest.java:[8,33] [deprecation] JUnit4ClassRunner in org.junit.internal.runners has been deprecated\\n[WARNING] /tmp/analyzing-475364ce81f72e5c/src/test/java/org/junit/runners/model/TestClassTest.java:[16,22] [deprecation] ExpectedException in org.junit.rules has been deprecated\\n[WARNING] /tmp/analyzing-475364ce81f72e5c/src/test/java/org/junit/rules/ExternalResourceRuleTest.java:[12,41] [deprecation] ThrowableCauseMatcher in org.junit.internal.matchers has been deprecated\\n[WARNING] /tmp/analyzing-475364ce81f72e5c/src/test/java/org/junit/internal/matchers/StacktracePrintingMatcherTest.java:[10,41] [deprecation] StacktracePrintingMatcher in org.junit.internal.matchers has been deprecated\\n[WARNING] /tmp/analyzing-475364ce81f72e5c/src/test/java/org/junit/internal/matchers/StacktracePrintingMatcherTest.java:[11,41] [deprecation] StacktracePrintingMatcher in org.junit.internal.matchers has been deprecated\\n[WARNING] /tmp/analyzing-475364ce81f72e5c/src/test/java/org/junit/runner/JUnitCommandLineParseResultTest.java:[13,22] [deprecation] ExpectedException in org.junit.rules has been deprecated\\n[WARNING] /tmp/analyzing-475364ce81f72e5c/src/test/java/org/junit/tests/experimental/theories/runner/WithParameterSupplier.java:[18,22] [deprecation] ExpectedException in org.junit.rules has been deprecated\\n[WARNING] /tmp/analyzing-475364ce81f72e5c/src/test/java/org/junit/runners/model/FrameworkMethodTest.java:[7,29] [deprecation] ExpectedException in org.junit.rules has been deprecated\\n[WARNING] /tmp/analyzing-475364ce81f72e5c/src/test/java/org/junit/runners/model/FrameworkMethodTest.java:[15,22] [deprecation] ExpectedException in org.junit.rules has been deprecated\\n[WARNING] /tmp/analyzing-475364ce81f72e5c/src/test/java/org/junit/runners/parameterized/TestWithParametersTest.java:[6,29] [deprecation] ExpectedException in org.junit.rules has been deprecated\\n[WARNING] /tmp/analyzing-475364ce81f72e5c/src/test/java/org/junit/runners/parameterized/TestWithParametersTest.java:[13,22] [deprecation] ExpectedException in org.junit.rules has been deprecated\\n[WARNING] /tmp/analyzing-475364ce81f72e5c/src/test/java/org/junit/internal/matchers/ThrowableCauseMatcherTest.java:[7,41] [deprecation] ThrowableCauseMatcher in org.junit.internal.matchers has been deprecated\\n[WARNING] /tmp/analyzing-475364ce81f72e5c/src/test/java/org/junit/rules/TestWatcherTest.java:[10,29] [deprecation] ExpectedException in org.junit.rules has been deprecated\\n[WARNING] /tmp/analyzing-475364ce81f72e5c/src/test/java/org/junit/tests/experimental/theories/internal/AllMembersSupplierTest.java:[20,22] [deprecation] ExpectedException in org.junit.rules has been deprecated\\n[WARNING] /tmp/analyzing-475364ce81f72e5c/src/test/java/org/junit/rules/TestWatchmanTest.java:[3,29] [deprecation] Assert in junit.framework has been deprecated\\n[WARNING] /tmp/analyzing-475364ce81f72e5c/src/test/java/org/junit/rules/ExternalResourceRuleTest.java:[140,64] [deprecation] AssumptionViolatedException(String) in AssumptionViolatedException has been deprecated\\n[WARNING] /tmp/analyzing-475364ce81f72e5c/src/test/java/org/junit/rules/TestRuleTest.java:[177,8] [deprecation] <T>assertThat(T,Matcher<? super T>) in Assert has been deprecated\\n[WARNING]   where T is a type-variable:\\n    T extends Object declared in method <T>assertThat(T,Matcher<? super T>)\\n/tmp/analyzing-475364ce81f72e5c/src/test/java/org/junit/rules/TestRuleTest.java:[192,8] [deprecation] <T>assertThat(T,Matcher<? super T>) in Assert has been deprecated\\n[WARNING]   where T is a type-variable:\\n    T extends Object declared in method <T>assertThat(T,Matcher<? super T>)\\n/tmp/analyzing-475364ce81f72e5c/src/test/java/org/junit/rules/TestRuleTest.java:[202,8] [deprecation] <T>assertThat(T,Matcher<? super T>) in Assert has been deprecated\\n[WARNING]   where T is a type-variable:\\n    T extends Object declared in method <T>assertThat(T,Matcher<? super T>)\\n/tmp/analyzing-475364ce81f72e5c/src/test/java/org/junit/rules/TestRuleTest.java:[217,8] [deprecation] <T>assertThat(T,Matcher<? super T>) in Assert has been deprecated\\n[WARNING]   where T is a type-variable:\\n    T extends Object declared in method <T>assertThat(T,Matcher<? super T>)\\n/tmp/analyzing-475364ce81f72e5c/src/test/java/org/junit/rules/TestRuleTest.java:[247,8] [deprecation] <T>assertThat(T,Matcher<? super T>) in Assert has been deprecated\\n[WARNING]   where T is a type-variable:\\n    T extends Object declared in method <T>assertThat(T,Matcher<? super T>)\\n/tmp/analyzing-475364ce81f72e5c/src/test/java/org/junit/rules/TestRuleTest.java:[425,8] [deprecation] <T>assertThat(T,Matcher<? super T>) in Assert has been deprecated\\n[WARNING]   where T is a type-variable:\\n    T extends Object declared in method <T>assertThat(T,Matcher<? super T>)\\n/tmp/analyzing-475364ce81f72e5c/src/test/java/org/junit/rules/TestRuleTest.java:[435,8] [deprecation] <T>assertThat(T,Matcher<? super T>) in Assert has been deprecated\\n[WARNING]   where T is a type-variable:\\n    T extends Object declared in method <T>assertThat(T,Matcher<? super T>)\\n/tmp/analyzing-475364ce81f72e5c/src/test/java/org/junit/rules/TestRuleTest.java:[452,8] [deprecation] <T>assertThat(T,Matcher<? super T>) in Assert has been deprecated\\n[WARNING]   where T is a type-variable:\\n    T extends Object declared in method <T>assertThat(T,Matcher<? super T>)\\n/tmp/analyzing-475364ce81f72e5c/src/test/java/org/junit/rules/TestRuleTest.java:[472,8] [deprecation] <T>assertThat(T,Matcher<? super T>) in Assert has been deprecated\\n[WARNING]   where T is a type-variable:\\n    T extends Object declared in method <T>assertThat(T,Matcher<? super T>)\\n/tmp/analyzing-475364ce81f72e5c/src/test/java/org/junit/rules/TestRuleTest.java:[514,8] [deprecation] <T>assertThat(T,Matcher<? super T>) in Assert has been deprecated\\n[WARNING]   where T is a type-variable:\\n    T extends Object declared in method <T>assertThat(T,Matcher<? super T>)\\n/tmp/analyzing-475364ce81f72e5c/src/test/java/org/junit/rules/VerifierRuleTest.java:[33,8] [deprecation] <T>assertThat(T,Matcher<? super T>) in Assert has been deprecated\\n[WARNING]   where T is a type-variable:\\n    T extends Object declared in method <T>assertThat(T,Matcher<? super T>)\\n/tmp/analyzing-475364ce81f72e5c/src/test/java/org/junit/rules/StopwatchTest.java:[172,8] [deprecation] <T>assertThat(T,Matcher<? super T>) in Assert has been deprecated\\n[WARNING]   where T is a type-variable:\\n    T extends Object declared in method <T>assertThat(T,Matcher<? super T>)\\n/tmp/analyzing-475364ce81f72e5c/src/test/java/org/junit/rules/StopwatchTest.java:[173,8] [deprecation] <T>assertThat(T,Matcher<? super T>) in Assert has been deprecated\\n[WARNING]   where T is a type-variable:\\n    T extends Object declared in method <T>assertThat(T,Matcher<? super T>)\\n/tmp/analyzing-475364ce81f72e5c/src/test/java/org/junit/rules/StopwatchTest.java:[174,8] [deprecation] <T>assertThat(T,Matcher<? super T>) in Assert has been deprecated\\n[WARNING]   where T is a type-variable:\\n    T extends Object declared in method <T>assertThat(T,Matcher<? super T>)\\n/tmp/analyzing-475364ce81f72e5c/src/test/java/org/junit/rules/StopwatchTest.java:[176,8] [deprecation] <T>assertThat(T,Matcher<? super T>) in Assert has been deprecated\\n[WARNING]   where T is a type-variable:\\n    T extends Object declared in method <T>assertThat(T,Matcher<? super T>)\\n/tmp/analyzing-475364ce81f72e5c/src/test/java/org/junit/rules/StopwatchTest.java:[183,8] [deprecation] <T>assertThat(T,Matcher<? super T>) in Assert has been deprecated\\n[WARNING]   where T is a type-variable:\\n    T extends Object declared in method <T>assertThat(T,Matcher<? super T>)\\n/tmp/analyzing-475364ce81f72e5c/src/test/java/org/junit/rules/StopwatchTest.java:[184,8] [deprecation] <T>assertThat(T,Matcher<? super T>) in Assert has been deprecated\\n[WARNING]   where T is a type-variable:\\n    T extends Object declared in method <T>assertThat(T,Matcher<? super T>)\\n/tmp/analyzing-475364ce81f72e5c/src/test/java/org/junit/rules/StopwatchTest.java:[185,8] [deprecation] <T>assertThat(T,Matcher<? super T>) in Assert has been deprecated\\n[WARNING]   where T is a type-variable:\\n    T extends Object declared in method <T>assertThat(T,Matcher<? super T>)\\n/tmp/analyzing-475364ce81f72e5c/src/test/java/org/junit/rules/StopwatchTest.java:[187,8] [deprecation] <T>assertThat(T,Matcher<? super T>) in Assert has been deprecated\\n[WARNING]   where T is a type-variable:\\n    T extends Object declared in method <T>assertThat(T,Matcher<? super T>)\\n/tmp/analyzing-475364ce81f72e5c/src/test/java/org/junit/rules/StopwatchTest.java:[194,8] [deprecation] <T>assertThat(T,Matcher<? super T>) in Assert has been deprecated\\n[WARNING]   where T is a type-variable:\\n    T extends Object declared in method <T>assertThat(T,Matcher<? super T>)\\n/tmp/analyzing-475364ce81f72e5c/src/test/java/org/junit/rules/StopwatchTest.java:[195,8] [deprecation] <T>assertThat(T,Matcher<? super T>) in Assert has been deprecated\\n[WARNING]   where T is a type-variable:\\n    T extends Object declared in method <T>assertThat(T,Matcher<? super T>)\\n/tmp/analyzing-475364ce81f72e5c/src/test/java/org/junit/rules/StopwatchTest.java:[196,8] [deprecation] <T>assertThat(T,Matcher<? super T>) in Assert has been deprecated\\n[WARNING]   where T is a type-variable:\\n    T extends Object declared in method <T>assertThat(T,Matcher<? super T>)\\n/tmp/analyzing-475364ce81f72e5c/src/test/java/org/junit/rules/StopwatchTest.java:[198,8] [deprecation] <T>assertThat(T,Matcher<? super T>) in Assert has been deprecated\\n[WARNING]   where T is a type-variable:\\n    T extends Object declared in method <T>assertThat(T,Matcher<? super T>)\\n/tmp/analyzing-475364ce81f72e5c/src/test/java/org/junit/rules/TestWatcherTest.java:[359,25] [deprecation] ExpectedException in org.junit.rules has been deprecated\\n[WARNING] /tmp/analyzing-475364ce81f72e5c/src/test/java/org/junit/tests/experimental/theories/internal/ParameterizedAssertionErrorTest.java:[43,8] [deprecation] <T>assumeThat(T,Matcher<T>) in Assume has been deprecated\\n[WARNING]   where T is a type-variable:\\n    T extends Object declared in method <T>assumeThat(T,Matcher<T>)\\n/tmp/analyzing-475364ce81f72e5c/src/test/java/org/junit/tests/experimental/theories/internal/ParameterizedAssertionErrorTest.java:[44,8] [deprecation] <T>assertThat(T,Matcher<? super T>) in Assert has been deprecated\\n[WARNING]   where T is a type-variable:\\n    T extends Object declared in method <T>assertThat(T,Matcher<? super T>)\\n/tmp/analyzing-475364ce81f72e5c/src/test/java/org/junit/tests/experimental/theories/internal/ParameterizedAssertionErrorTest.java:[50,8] [deprecation] <T>assumeThat(T,Matcher<T>) in Assume has been deprecated\\n[WARNING]   where T is a type-variable:\\n    T extends Object declared in method <T>assumeThat(T,Matcher<T>)\\n/tmp/analyzing-475364ce81f72e5c/src/test/java/org/junit/tests/experimental/theories/internal/ParameterizedAssertionErrorTest.java:[51,8] [deprecation] <T>assertThat(T,Matcher<? super T>) in Assert has been deprecated\\n[WARNING]   where T is a type-variable:\\n    T extends Object declared in method <T>assertThat(T,Matcher<? super T>)\\n/tmp/analyzing-475364ce81f72e5c/src/test/java/org/junit/tests/experimental/theories/internal/ParameterizedAssertionErrorTest.java:[57,8] [deprecation] <T>assertThat(T,Matcher<? super T>) in Assert has been deprecated\\n[WARNING]   where T is a type-variable:\\n    T extends Object declared in method <T>assertThat(T,Matcher<? super T>)\\n/tmp/analyzing-475364ce81f72e5c/src/test/java/org/junit/tests/experimental/theories/internal/ParameterizedAssertionErrorTest.java:[69,8] [deprecation] <T>assumeThat(T,Matcher<T>) in Assume has been deprecated\\n[WARNING]   where T is a type-variable:\\n    T extends Object declared in method <T>assumeThat(T,Matcher<T>)\\n/tmp/analyzing-475364ce81f72e5c/src/test/java/org/junit/tests/experimental/theories/internal/ParameterizedAssertionErrorTest.java:[71,8] [deprecation] <T>assertThat(T,Matcher<? super T>) in Assert has been deprecated\\n[WARNING]   where T is a type-variable:\\n    T extends Object declared in method <T>assertThat(T,Matcher<? super T>)\\n/tmp/analyzing-475364ce81f72e5c/src/test/java/org/junit/tests/experimental/theories/internal/ParameterizedAssertionErrorTest.java:[76,8] [deprecation] <T>assertThat(T,Matcher<? super T>) in Assert has been deprecated\\n[WARNING]   where T is a type-variable:\\n    T extends Object declared in method <T>assertThat(T,Matcher<? super T>)\\n/tmp/analyzing-475364ce81f72e5c/src/test/java/org/junit/tests/experimental/theories/internal/ParameterizedAssertionErrorTest.java:[88,8] [deprecation] <T>assertThat(T,Matcher<? super T>) in Assert has been deprecated\\n[WARNING]   where T is a type-variable:\\n    T extends Object declared in method <T>assertThat(T,Matcher<? super T>)\\n/tmp/analyzing-475364ce81f72e5c/src/test/java/org/junit/rules/TempFolderRuleTest.java:[45,8] [deprecation] <T>assertThat(T,Matcher<? super T>) in Assert has been deprecated\\n[WARNING]   where T is a type-variable:\\n    T extends Object declared in method <T>assertThat(T,Matcher<? super T>)\\n/tmp/analyzing-475364ce81f72e5c/src/test/java/org/junit/rules/TempFolderRuleTest.java:[106,8] [deprecation] <T>assertThat(T,Matcher<? super T>) in Assert has been deprecated\\n[WARNING]   where T is a type-variable:\\n    T extends Object declared in method <T>assertThat(T,Matcher<? super T>)\\n/tmp/analyzing-475364ce81f72e5c/src/test/java/org/junit/rules/TempFolderRuleTest.java:[118,16] [deprecation] <T>assertThat(T,Matcher<? super T>) in Assert has been deprecated\\n[WARNING]   where T is a type-variable:\\n    T extends Object declared in method <T>assertThat(T,Matcher<? super T>)\\n/tmp/analyzing-475364ce81f72e5c/src/test/java/org/junit/rules/TempFolderRuleTest.java:[128,8] [deprecation] <T>assertThat(T,Matcher<? super T>) in Assert has been deprecated\\n[WARNING]   where T is a type-variable:\\n    T extends Object declared in method <T>assertThat(T,Matcher<? super T>)\\n/tmp/analyzing-475364ce81f72e5c/src/test/java/org/junit/rules/TempFolderRuleTest.java:[142,16] [deprecation] <T>assertThat(T,Matcher<? super T>) in Assert has been deprecated\\n[WARNING]   where T is a type-variable:\\n    T extends Object declared in method <T>assertThat(T,Matcher<? super T>)\\n/tmp/analyzing-475364ce81f72e5c/src/test/java/org/junit/rules/TempFolderRuleTest.java:[151,8] [deprecation] <T>assertThat(T,Matcher<? super T>) in Assert has been deprecated\\n[WARNING]   where T is a type-variable:\\n    T extends Object declared in method <T>assertThat(T,Matcher<? super T>)\\n/tmp/analyzing-475364ce81f72e5c/src/test/java/org/junit/rules/TempFolderRuleTest.java:[204,8] [deprecation] <T>assertThat(T,Matcher<? super T>) in Assert has been deprecated\\n[WARNING]   where T is a type-variable:\\n    T extends Object declared in method <T>assertThat(T,Matcher<? super T>)\\n/tmp/analyzing-475364ce81f72e5c/src/test/java/org/junit/rules/TempFolderRuleTest.java:[234,8] [deprecation] <T>assertThat(T,Matcher<? super T>) in Assert has been deprecated\\n[WARNING]   where T is a type-variable:\\n    T extends Object declared in method <T>assertThat(T,Matcher<? super T>)\\n/tmp/analyzing-475364ce81f72e5c/src/test/java/org/junit/tests/listening/TextListenerTest.java:[63,8] [deprecation] <T>assertThat(T,Matcher<? super T>) in Assert has been deprecated\\n[WARNING]   where T is a type-variable:\\n    T extends Object declared in method <T>assertThat(T,Matcher<? super T>)\\n/tmp/analyzing-475364ce81f72e5c/src/test/java/org/junit/tests/listening/TextListenerTest.java:[64,8] [deprecation] <T>assertThat(T,Matcher<? super T>) in Assert has been deprecated\\n[WARNING]   where T is a type-variable:\\n    T extends Object declared in method <T>assertThat(T,Matcher<? super T>)\\n/tmp/analyzing-475364ce81f72e5c/src/test/java/org/junit/runner/FilterFactoriesTest.java:[19,11] [deprecation] ExpectedException in org.junit.rules has been deprecated\\n[WARNING] /tmp/analyzing-475364ce81f72e5c/src/test/java/org/junit/runner/FilterFactoriesTest.java:[19,49] [deprecation] ExpectedException in org.junit.rules has been deprecated\\n[WARNING] /tmp/analyzing-475364ce81f72e5c/src/test/java/org/junit/runner/FilterFactoriesTest.java:[53,8] [deprecation] <T>assumeThat(T,Matcher<T>) in Assume has been deprecated\\n[WARNING]   where T is a type-variable:\\n    T extends Object declared in method <T>assumeThat(T,Matcher<T>)\\n/tmp/analyzing-475364ce81f72e5c/src/test/java/org/junit/tests/experimental/theories/runner/TheoriesPerformanceTest.java:[36,8] [deprecation] <T>assertThat(T,Matcher<? super T>) in Assert has been deprecated\\n[WARNING]   where T is a type-variable:\\n    T extends Object declared in method <T>assertThat(T,Matcher<? super T>)\\n/tmp/analyzing-475364ce81f72e5c/src/test/java/org/junit/rules/BlockJUnit4ClassRunnerOverrideTest.java:[61,8] [deprecation] <T>assertThat(T,Matcher<? super T>) in Assert has been deprecated\\n[WARNING]   where T is a type-variable:\\n    T extends Object declared in method <T>assertThat(T,Matcher<? super T>)\\n/tmp/analyzing-475364ce81f72e5c/src/test/java/org/junit/rules/BlockJUnit4ClassRunnerOverrideTest.java:[89,8] [deprecation] <T>assertThat(T,Matcher<? super T>) in Assert has been deprecated\\n[WARNING]   where T is a type-variable:\\n    T extends Object declared in method <T>assertThat(T,Matcher<? super T>)\\n/tmp/analyzing-475364ce81f72e5c/src/test/java/org/junit/rules/BlockJUnit4ClassRunnerOverrideTest.java:[133,8] [deprecation] <T>assertThat(T,Matcher<? super T>) in Assert has been deprecated\\n[WARNING]   where T is a type-variable:\\n    T extends Object declared in method <T>assertThat(T,Matcher<? super T>)\\n/tmp/analyzing-475364ce81f72e5c/src/test/java/org/junit/rules/BlockJUnit4ClassRunnerOverrideTest.java:[173,8] [deprecation] <T>assertThat(T,Matcher<? super T>) in Assert has been deprecated\\n[WARNING]   where T is a type-variable:\\n    T extends Object declared in method <T>assertThat(T,Matcher<? super T>)\\n/tmp/analyzing-475364ce81f72e5c/src/test/java/org/junit/runners/model/FrameworkFieldTest.java:[19,17] [deprecation] ExpectedException in org.junit.rules has been deprecated\\n[WARNING] /tmp/analyzing-475364ce81f72e5c/src/test/java/org/junit/runners/model/FrameworkFieldTest.java:[48,8] [deprecation] <T>assertThat(T,Matcher<? super T>) in Assert has been deprecated\\n[WARNING]   where T is a type-variable:\\n    T extends Object declared in method <T>assertThat(T,Matcher<? super T>)\\n/tmp/analyzing-475364ce81f72e5c/src/test/java/org/junit/tests/junit3compatibility/AllTestsTest.java:[51,8] [deprecation] <T>assertThat(T,Matcher<? super T>) in Assert has been deprecated\\n[WARNING]   where T is a type-variable:\\n    T extends Object declared in method <T>assertThat(T,Matcher<? super T>)\\n/tmp/analyzing-475364ce81f72e5c/src/test/java/org/junit/tests/experimental/theories/runner/WithUnresolvedGenericTypeVariablesOnTheoryParms.java:[27,8] [deprecation] <T>assertThat(T,Matcher<? super T>) in Assert has been deprecated\\n[WARNING]   where T is a type-variable:\\n    T extends Object declared in method <T>assertThat(T,Matcher<? super T>)\\n/tmp/analyzing-475364ce81f72e5c/src/test/java/org/junit/tests/experimental/theories/runner/WithUnresolvedGenericTypeVariablesOnTheoryParms.java:[43,8] [deprecation] <T>assertThat(T,Matcher<? super T>) in Assert has been deprecated\\n[WARNING]   where T is a type-variable:\\n    T extends Object declared in method <T>assertThat(T,Matcher<? super T>)\\n/tmp/analyzing-475364ce81f72e5c/src/test/java/org/junit/tests/experimental/theories/runner/WithUnresolvedGenericTypeVariablesOnTheoryParms.java:[59,8] [deprecation] <T>assertThat(T,Matcher<? super T>) in Assert has been deprecated\\n[WARNING]   where T is a type-variable:\\n    T extends Object declared in method <T>assertThat(T,Matcher<? super T>)\\n/tmp/analyzing-475364ce81f72e5c/src/test/java/org/junit/tests/experimental/theories/runner/WithUnresolvedGenericTypeVariablesOnTheoryParms.java:[75,8] [deprecation] <T>assertThat(T,Matcher<? super T>) in Assert has been deprecated\\n[WARNING]   where T is a type-variable:\\n    T extends Object declared in method <T>assertThat(T,Matcher<? super T>)\\n/tmp/analyzing-475364ce81f72e5c/src/test/java/org/junit/tests/experimental/theories/runner/WithUnresolvedGenericTypeVariablesOnTheoryParms.java:[91,8] [deprecation] <T>assertThat(T,Matcher<? super T>) in Assert has been deprecated\\n[WARNING]   where T is a type-variable:\\n    T extends Object declared in method <T>assertThat(T,Matcher<? super T>)\\n/tmp/analyzing-475364ce81f72e5c/src/test/java/org/junit/tests/experimental/theories/runner/WithUnresolvedGenericTypeVariablesOnTheoryParms.java:[107,8] [deprecation] <T>assertThat(T,Matcher<? super T>) in Assert has been deprecated\\n[WARNING]   where T is a type-variable:\\n    T extends Object declared in method <T>assertThat(T,Matcher<? super T>)\\n/tmp/analyzing-475364ce81f72e5c/src/test/java/org/junit/tests/experimental/theories/runner/WithUnresolvedGenericTypeVariablesOnTheoryParms.java:[125,8] [deprecation] <T>assertThat(T,Matcher<? super T>) in Assert has been deprecated\\n[WARNING]   where T is a type-variable:\\n    T extends Object declared in method <T>assertThat(T,Matcher<? super T>)\\n/tmp/analyzing-475364ce81f72e5c/src/test/java/org/junit/tests/experimental/theories/runner/WithUnresolvedGenericTypeVariablesOnTheoryParms.java:[146,8] [deprecation] <T>assertThat(T,Matcher<? super T>) in Assert has been deprecated\\n[WARNING]   where T is a type-variable:\\n    T extends Object declared in method <T>assertThat(T,Matcher<? super T>)\\n/tmp/analyzing-475364ce81f72e5c/src/test/java/org/junit/tests/experimental/theories/runner/WithUnresolvedGenericTypeVariablesOnTheoryParms.java:[162,8] [deprecation] <T>assertThat(T,Matcher<? super T>) in Assert has been deprecated\\n[WARNING]   where T is a type-variable:\\n    T extends Object declared in method <T>assertThat(T,Matcher<? super T>)\\n/tmp/analyzing-475364ce81f72e5c/src/test/java/org/junit/tests/experimental/theories/runner/WithUnresolvedGenericTypeVariablesOnTheoryParms.java:[163,8] [deprecation] <T>assertThat(T,Matcher<? super T>) in Assert has been deprecated\\n[WARNING]   where T is a type-variable:\\n    T extends Object declared in method <T>assertThat(T,Matcher<? super T>)\\n/tmp/analyzing-475364ce81f72e5c/src/test/java/org/junit/tests/experimental/theories/runner/WithUnresolvedGenericTypeVariablesOnTheoryParms.java:[164,8] [deprecation] <T>assertThat(T,Matcher<? super T>) in Assert has been deprecated\\n[WARNING]   where T is a type-variable:\\n    T extends Object declared in method <T>assertThat(T,Matcher<? super T>)\\n/tmp/analyzing-475364ce81f72e5c/src/test/java/org/junit/tests/experimental/theories/runner/WithUnresolvedGenericTypeVariablesOnTheoryParms.java:[165,8] [deprecation] <T>assertThat(T,Matcher<? super T>) in Assert has been deprecated\\n[WARNING]   where T is a type-variable:\\n    T extends Object declared in method <T>assertThat(T,Matcher<? super T>)\\n/tmp/analyzing-475364ce81f72e5c/src/test/java/org/junit/tests/experimental/theories/runner/WithUnresolvedGenericTypeVariablesOnTheoryParms.java:[166,8] [deprecation] <T>assertThat(T,Matcher<? super T>) in Assert has been deprecated\\n[WARNING]   where T is a type-variable:\\n    T extends Object declared in method <T>assertThat(T,Matcher<? super T>)\\n/tmp/analyzing-475364ce81f72e5c/src/test/java/org/junit/tests/experimental/theories/runner/WithUnresolvedGenericTypeVariablesOnTheoryParms.java:[167,8] [deprecation] <T>assertThat(T,Matcher<? super T>) in Assert has been deprecated\\n[WARNING]   where T is a type-variable:\\n    T extends Object declared in method <T>assertThat(T,Matcher<? super T>)\\n/tmp/analyzing-475364ce81f72e5c/src/test/java/org/junit/tests/experimental/theories/runner/WithUnresolvedGenericTypeVariablesOnTheoryParms.java:[168,8] [deprecation] <T>assertThat(T,Matcher<? super T>) in Assert has been deprecated\\n[WARNING]   where T is a type-variable:\\n    T extends Object declared in method <T>assertThat(T,Matcher<? super T>)\\n/tmp/analyzing-475364ce81f72e5c/src/test/java/org/junit/tests/experimental/theories/runner/WithUnresolvedGenericTypeVariablesOnTheoryParms.java:[169,8] [deprecation] <T>assertThat(T,Matcher<? super T>) in Assert has been deprecated\\n[WARNING]   where T is a type-variable:\\n    T extends Object declared in method <T>assertThat(T,Matcher<? super T>)\\n/tmp/analyzing-475364ce81f72e5c/src/test/java/org/junit/tests/experimental/theories/TestedOnSupplierTest.java:[24,8] [deprecation] <T>assertThat(T,Matcher<? super T>) in Assert has been deprecated\\n[INFO] \\n[INFO] --- maven-surefire-plugin:2.19.1:test (default-test) @ junit ---\\n[INFO] Downloading from central: https://repo.maven.apache.org/maven2/org/apache/maven/surefire/surefire-junit47/2.19.1/surefire-junit47-2.19.1.pom\\n[INFO] Downloaded from central: https://repo.maven.apache.org/maven2/org/apache/maven/surefire/surefire-junit47/2.19.1/surefire-junit47-2.19.1.pom (6.2 kB at 390 kB/s)\\n[INFO] Downloading from central: https://repo.maven.apache.org/maven2/org/apache/maven/surefire/common-junit48/2.19.1/common-junit48-2.19.1.pom\\n[INFO] Downloaded from central: https://repo.maven.apache.org/maven2/org/apache/maven/surefire/common-junit48/2.19.1/common-junit48-2.19.1.pom (3.1 kB at 181 kB/s)\\n[INFO] Downloading from central: https://repo.maven.apache.org/maven2/org/apache/maven/surefire/common-junit4/2.19.1/common-junit4-2.19.1.pom\\n[INFO] Downloaded from central: https://repo.maven.apache.org/maven2/org/apache/maven/surefire/common-junit4/2.19.1/common-junit4-2.19.1.pom (2.1 kB at 152 kB/s)\\n[INFO] Downloading from central: https://repo.maven.apache.org/maven2/org/apache/maven/surefire/common-junit3/2.19.1/common-junit3-2.19.1.pom\\n[INFO] Downloaded from central: https://repo.maven.apache.org/maven2/org/apache/maven/surefire/common-junit3/2.19.1/common-junit3-2.19.1.pom (1.6 kB at 79 kB/s)\\n[INFO] Downloading from central: https://repo.maven.apache.org/maven2/org/apache/maven/shared/maven-shared-utils/0.9/maven-shared-utils-0.9.pom\\n[INFO] Downloaded from central: https://repo.maven.apache.org/maven2/org/apache/maven/shared/maven-shared-utils/0.9/maven-shared-utils-0.9.pom (6.2 kB at 366 kB/s)\\n[INFO] Downloading from central: https://repo.maven.apache.org/maven2/org/apache/maven/surefire/surefire-grouper/2.19.1/surefire-grouper-2.19.1.pom\\n[INFO] Downloaded from central: https://repo.maven.apache.org/maven2/org/apache/maven/surefire/surefire-grouper/2.19.1/surefire-grouper-2.19.1.pom (2.6 kB at 188 kB/s)\\n[INFO] Downloading from central: https://repo.maven.apache.org/maven2/org/apache/maven/surefire/surefire-junit47/2.19.1/surefire-junit47-2.19.1.jar\\n[INFO] Downloading from central: https://repo.maven.apache.org/maven2/org/apache/maven/surefire/common-junit48/2.19.1/common-junit48-2.19.1.jar\\n[INFO] Downloading from central: https://repo.maven.apache.org/maven2/org/apache/maven/surefire/common-junit4/2.19.1/common-junit4-2.19.1.jar\\n[INFO] Downloading from central: https://repo.maven.apache.org/maven2/org/apache/maven/surefire/common-junit3/2.19.1/common-junit3-2.19.1.jar\\n[INFO] Downloaded from central: https://repo.maven.apache.org/maven2/org/apache/maven/surefire/common-junit48/2.19.1/common-junit48-2.19.1.jar (23 kB at 553 kB/s)\\n[INFO] Downloading from central: https://repo.maven.apache.org/maven2/org/apache/maven/surefire/surefire-grouper/2.19.1/surefire-grouper-2.19.1.jar\\n[INFO] Downloading from central: https://repo.maven.apache.org/maven2/org/apache/maven/shared/maven-shared-utils/0.9/maven-shared-utils-0.9.jar\\n[INFO] Downloaded from central: https://repo.maven.apache.org/maven2/org/apache/maven/surefire/common-junit4/2.19.1/common-junit4-2.19.1.jar (26 kB at 508 kB/s)\\n[INFO] Downloaded from central: https://repo.maven.apache.org/maven2/org/apache/maven/surefire/common-junit3/2.19.1/common-junit3-2.19.1.jar (12 kB at 205 kB/s)\\n[INFO] Downloaded from central: https://repo.maven.apache.org/maven2/org/apache/maven/surefire/surefire-junit47/2.19.1/surefire-junit47-2.19.1.jar (153 kB at 1.9 MB/s)\\n[INFO] Downloaded from central: https://repo.maven.apache.org/maven2/org/apache/maven/surefire/surefire-grouper/2.19.1/surefire-grouper-2.19.1.jar (38 kB at 526 kB/s)\\n[INFO] Downloaded from central: https://repo.maven.apache.org/maven2/org/apache/maven/shared/maven-shared-utils/0.9/maven-shared-utils-0.9.jar (172 kB at 1.6 MB/s)\\n[INFO] Tests are skipped.\\n[INFO] \\n[INFO] --- animal-sniffer-maven-plugin:1.14:check (signature-check) @ junit ---\\n[INFO] Checking unresolved references to org.codehaus.mojo.signature:java15:1.0\\n[INFO] Downloading from central: https://repo.maven.apache.org/maven2/org/codehaus/mojo/signature/java15/1.0/java15-1.0.signature\\n[INFO] Downloaded from central: https://repo.maven.apache.org/maven2/org/codehaus/mojo/signature/java15/1.0/java15-1.0.signature (517 kB at 7.0 MB/s)\\n[INFO] \\n[INFO] --- maven-jar-plugin:2.6:jar (default-jar) @ junit ---\\n[INFO] Building jar: /tmp/analyzing-475364ce81f72e5c/target/junit-4.13-SNAPSHOT.jar\\n[INFO] \\n[INFO] --- maven-dependency-plugin:2.8:build-classpath (default-cli) @ junit ---\\n[INFO] \\n[INFO] ----------------------------< junit:junit >-----------------------------\\n[INFO] Building JUnit 4.13-SNAPSHOT\\n[INFO] --------------------------------[ jar ]---------------------------------\\n[INFO] \\n[INFO] --- musecompdb-maven-plugin:1.0-SNAPSHOT:readcompdb (default-cli) @ junit ---\\n[INFO] ------------------------------------------------------------------------\\n[INFO] BUILD SUCCESS\\n[INFO] ------------------------------------------------------------------------\\n[INFO] Total time:  16.170 s\\n[INFO] Finished at: 2019-06-27T14:21:44Z\\n[INFO] ------------------------------------------------------------------------\\n\"\n[DEBUG] [27/Jun/2019:14:21:44 +0000] [()] compile_commands.json: \n    \"[{\\\"arguments\\\":[\\\"-Xlint:unchecked\\\",\\\"-Xdoclint:accessibility,reference,syntax\\\"],\\\"files\\\":[\\\"/tmp/analyzing-475364ce81f72e5c/src/main/java/org/junit/runners/model/RunnerBuilder.java\\\",\\\"/tmp/analyzing-475364ce81f72e5c/src/main/java/org/junit/runner/notification/package-info.java\\\",\\\"/tmp/analyzing-475364ce81f72e5c/src/main/java/org/junit/runner/manipulation/Orderable.java\\\",\\\"/tmp/analyzing-475364ce81f72e5c/src/main/java/org/junit/runners/model/RunnerScheduler.java\\\",\\\"/tmp/analyzing-475364ce81f72e5c/src/main/java/org/junit/ClassRule.java\\\",\\\"/tmp/analyzing-475364ce81f72e5c/src/main/java/org/junit/validator/ValidateWith.java\\\",\\\"/tmp/analyzing-475364ce81f72e5c/src/main/java/org/junit/runner/FilterFactories.java\\\",\\\"/tmp/analyzing-475364ce81f72e5c/src/main/java/junit/framework/ComparisonCompactor.java\\\",\\\"/tmp/analyzing-475364ce81f72e5c/src/main/java/org/junit/Before.java\\\",\\\"/tmp/analyzing-475364ce81f72e5c/src/main/java/org/junit/runner/manipulation/InvalidOrderingException.java\\\",\\\"/tmp/analyzing-475364ce81f72e5c/src/main/java/org/junit/FixMethodOrder.java\\\",\\\"/tmp/analyzing-475364ce81f72e5c/src/main/java/org/junit/internal/Classes.java\\\",\\\"/tmp/analyzing-475364ce81f72e5c/src/main/java/org/junit/internal/ExactComparisonCriteria.java\\\",\\\"/tmp/analyzing-475364ce81f72e5c/src/main/java/org/junit/runner/RunWith.java\\\",\\\"/tmp/analyzing-475364ce81f72e5c/src/main/java/org/junit/runner/notification/Failure.java\\\",\\\"/tmp/analyzing-475364ce81f72e5c/src/main/java/org/junit/experimental/categories/CategoryValidator.java\\\",\\\"/tmp/analyzing-475364ce81f72e5c/src/main/java/org/junit/internal/matchers/TypeSafeMatcher.java\\\",\\\"/tmp/analyzing-475364ce81f72e5c/src/main/java/junit/textui/TestRunner.java\\\",\\\"/tmp/analyzing-475364ce81f72e5c/src/main/java/org/junit/internal/requests/FilterRequest.java\\\",\\\"/tmp/analyzing-475364ce81f72e5c/src/main/java/org/junit/experimental/theories/ParametersSuppliedBy.java\\\",\\\"/tmp/analyzing-475364ce81f72e5c/src/main/java/org/junit/internal/matchers/StacktracePrintingMatcher.java\\\",\\\"/tmp/analyzing-475364ce81f72e5c/src/main/java/org/junit/internal/ArrayComparisonFailure.java\\\",\\\"/tmp/analyzing-475364ce81f72e5c/src/main/java/org/junit/runner/manipulation/Filterable.java\\\",\\\"/tmp/analyzing-475364ce81f72e5c/src/main/java/org/junit/runners/model/NoGenericTypeParametersValidator.java\\\",\\\"/tmp/analyzing-475364ce81f72e5c/src/main/java/org/junit/validator/TestClassValidator.java\\\",\\\"/tmp/analyzing-475364ce81f72e5c/src/main/java/junit/framework/TestResult.java\\\",\\\"/tmp/analyzing-475364ce81f72e5c/src/main/java/org/junit/internal/management/FakeThreadMXBean.java\\\",\\\"/tmp/analyzing-475364ce81f72e5c/src/main/java/org/junit/runner/JUnitCommandLineParseResult.java\\\",\\\"/tmp/analyzing-475364ce81f72e5c/src/main/java/org/junit/runners/parameterized/ParametersRunnerFactory.java\\\",\\\"/tmp/analyzing-475364ce81f72e5c/src/main/java/org/junit/experimental/categories/Category.java\\\",\\\"/tmp/analyzing-475364ce81f72e5c/src/main/java/org/junit/internal/runners/SuiteMethod.java\\\",\\\"/tmp/analyzing-475364ce81f72e5c/src/main/java/org/junit/internal/runners/model/ReflectiveCallable.java\\\",\\\"/tmp/analyzing-475364ce81f72e5c/src/main/java/org/junit/rules/ExpectedExceptionMatcherBuilder.java\\\",\\\"/tmp/analyzing-475364ce81f72e5c/src/main/java/org/junit/internal/builders/AnnotatedBuilder.java\\\",\\\"/tmp/analyzing-475364ce81f72e5c/src/main/java/org/junit/experimental/theories/Theory.java\\\",\\\"/tmp/analyzing-475364ce81f72e5c/src/main/java/org/junit/experimental/theories/DataPoints.java\\\",\\\"/tmp/analyzing-475364ce81f72e5c/src/main/java/org/junit/runners/RuleContainer.java\\\",\\\"/tmp/analyzing-475364ce81f72e5c/src/main/java/org/junit/experimental/categories/IncludeCategories.java\\\",\\\"/tmp/analyzing-475364ce81f72e5c/src/main/java/org/junit/rules/TestRule.java\\\",\\\"/tmp/analyzing-475364ce81f72e5c/src/main/java/org/junit/experimental/theories/ParameterSignature.java\\\",\\\"/tmp/analyzing-475364ce81f72e5c/src/main/java/org/junit/rules/TestName.java\\\",\\\"/tmp/analyzing-475364ce81f72e5c/src/main/java/junit/framework/ComparisonFailure.java\\\",\\\"/tmp/analyzing-475364ce81f72e5c/src/main/java/org/junit/runner/manipulation/Sortable.java\\\",\\\"/tmp/analyzing-475364ce81f72e5c/src/main/java/org/junit/runner/Result.java\\\",\\\"/tmp/analyzing-475364ce81f72e5c/src/main/java/org/junit/runners/model/TestTimedOutException.java\\\",\\\"/tmp/analyzing-475364ce81f72e5c/src/main/java/junit/framework/Test.java\\\",\\\"/tmp/analyzing-475364ce81f72e5c/src/main/java/org/junit/runners/model/Annotatable.java\\\",\\\"/tmp/analyzing-475364ce81f72e5c/src/main/java/org/junit/internal/TextListener.java\\\",\\\"/tmp/analyzing-475364ce81f72e5c/src/main/java/org/junit/runner/JUnitCore.java\\\",\\\"/tmp/analyzing-475364ce81f72e5c/src/main/java/org/junit/runners/package-info.java\\\",\\\"/tmp/analyzing-475364ce81f72e5c/src/main/java/org/junit/function/ThrowingRunnable.java\\\",\\\"/tmp/analyzing-475364ce81f72e5c/src/main/java/org/junit/validator/AnnotationsValidator.java\\\",\\\"/tmp/analyzing-475364ce81f72e5c/src/main/java/org/junit/runner/manipulation/Alphanumeric.java\\\",\\\"/tmp/analyzing-475364ce81f72e5c/src/main/java/org/junit/internal/Throwables.java\\\",\\\"/tmp/analyzing-475364ce81f72e5c/src/main/java/org/junit/experimental/ParallelComputer.java\\\",\\\"/tmp/analyzing-475364ce81f72e5c/src/main/java/junit/framework/Protectable.java\\\",\\\"/tmp/analyzing-475364ce81f72e5c/src/main/java/org/junit/runner/notification/StoppedByUserException.java\\\",\\\"/tmp/analyzing-475364ce81f72e5c/src/main/java/org/junit/Assume.java\\\",\\\"/tmp/analyzing-475364ce81f72e5c/src/main/java/org/junit/experimental/theories/internal/AllMembersSupplier.java\\\",\\\"/tmp/analyzing-475364ce81f72e5c/src/main/java/org/junit/internal/runners/JUnit38ClassRunner.java\\\",\\\"/tmp/analyzing-475364ce81f72e5c/src/main/java/org/junit/Ignore.java\\\",\\\"/tmp/analyzing-475364ce81f72e5c/src/main/java/org/junit/runner/manipulation/NoTestsRemainException.java\\\",\\\"/tmp/analyzing-475364ce81f72e5c/src/main/java/org/junit/runner/Describable.java\\\",\\\"/tmp/analyzing-475364ce81f72e5c/src/main/java/org/junit/internal/builders/IgnoredBuilder.java\\\",\\\"/tmp/analyzing-475364ce81f72e5c/src/main/java/org/junit/experimental/categories/Categories.java\\\",\\\"/tmp/analyzing-475364ce81f72e5c/src/main/java/junit/extensions/ActiveTestSuite.java\\\",\\\"/tmp/analyzing-475364ce81f72e5c/src/main/java/org/junit/experimental/results/ResultMatchers.java\\\",\\\"/tmp/analyzing-475364ce81f72e5c/src/main/java/org/junit/rules/TestWatchman.java\\\",\\\"/tmp/analyzing-475364ce81f72e5c/src/main/java/org/junit/runner/manipulation/Filter.java\\\",\\\"/tmp/analyzing-475364ce81f72e5c/src/main/java/org/junit/runners/model/FrameworkMethod.java\\\",\\\"/tmp/analyzing-475364ce81f72e5c/src/main/java/org/junit/experimental/results/PrintableResult.java\\\",\\\"/tmp/analyzing-475364ce81f72e5c/src/main/java/org/junit/internal/requests/SortingRequest.java\\\",\\\"/tmp/analyzing-475364ce81f72e5c/src/main/java/junit/runner/BaseTestRunner.java\\\",\\\"/tmp/analyzing-475364ce81f72e5c/src/main/java/org/junit/rules/Verifier.java\\\",\\\"/tmp/analyzing-475364ce81f72e5c/src/main/java/org/junit/runner/manipulation/Ordering.java\\\",\\\"/tmp/analyzing-475364ce81f72e5c/src/main/java/org/junit/runners/JUnit4.java\\\",\\\"/tmp/analyzing-475364ce81f72e5c/src/main/java/org/junit/internal/ComparisonCriteria.java\\\",\\\"/tmp/analyzing-475364ce81f72e5c/src/main/java/org/junit/runners/Parameterized.java\\\",\\\"/tmp/analyzing-475364ce81f72e5c/src/main/java/org/junit/runner/manipulation/package-info.java\\\",\\\"/tmp/analyzing-475364ce81f72e5c/src/main/java/junit/textui/ResultPrinter.java\\\",\\\"/tmp/analyzing-475364ce81f72e5c/src/main/java/junit/extensions/TestDecorator.java\\\",\\\"/tmp/analyzing-475364ce81f72e5c/src/main/java/junit/runner/Version.java\\\",\\\"/tmp/analyzing-475364ce81f72e5c/src/main/java/org/junit/rules/ExpectedException.java\\\",\\\"/tmp/analyzing-475364ce81f72e5c/src/main/java/org/junit/runners/model/MultipleFailureException.java\\\",\\\"/tmp/analyzing-475364ce81f72e5c/src/main/java/org/junit/validator/AnnotationValidator.java\\\",\\\"/tmp/analyzing-475364ce81f72e5c/src/main/java/org/junit/experimental/theories/internal/EnumSupplier.java\\\",\\\"/tmp/analyzing-475364ce81f72e5c/src/main/java/org/junit/internal/runners/model/MultipleFailureException.java\\\",\\\"/tmp/analyzing-475364ce81f72e5c/src/main/java/org/junit/rules/MethodRule.java\\\",\\\"/tmp/analyzing-475364ce81f72e5c/src/main/java/org/junit/internal/builders/IgnoredClassRunner.java\\\",\\\"/tmp/analyzing-475364ce81f72e5c/src/main/java/org/junit/internal/management/ReflectiveRuntimeMXBean.java\\\",\\\"/tmp/analyzing-475364ce81f72e5c/src/main/java/junit/runner/TestRunListener.java\\\",\\\"/tmp/analyzing-475364ce81f72e5c/src/main/java/org/junit/internal/management/ManagementFactory.java\\\",\\\"/tmp/analyzing-475364ce81f72e5c/src/main/java/org/junit/package-info.java\\\",\\\"/tmp/analyzing-475364ce81f72e5c/src/main/java/org/junit/internal/matchers/ThrowableMessageMatcher.java\\\",\\\"/tmp/analyzing-475364ce81f72e5c/src/main/java/org/junit/internal/runners/ClassRoadie.java\\\",\\\"/tmp/analyzing-475364ce81f72e5c/src/main/java/org/junit/runner/notification/RunListener.java\\\",\\\"/tmp/analyzing-475364ce81f72e5c/src/main/java/org/junit/internal/requests/ClassRequest.java\\\",\\\"/tmp/analyzing-475364ce81f72e5c/src/main/java/org/junit/experimental/max/MaxCore.java\\\",\\\"/tmp/analyzing-475364ce81f72e5c/src/main/java/org/junit/rules/RuleChain.java\\\",\\\"/tmp/analyzing-475364ce81f72e5c/src/main/java/org/junit/AfterClass.java\\\",\\\"/tmp/analyzing-475364ce81f72e5c/src/main/java/org/junit/rules/Timeout.java\\\",\\\"/tmp/analyzing-475364ce81f72e5c/src/main/java/org/junit/runners/model/FrameworkMember.java\\\",\\\"/tmp/analyzing-475364ce81f72e5c/src/main/java/org/junit/AssumptionViolatedException.java\\\",\\\"/tmp/analyzing-475364ce81f72e5c/src/main/java/org/junit/rules/TemporaryFolder.java\\\",\\\"/tmp/analyzing-475364ce81f72e5c/src/main/java/org/junit/rules/TestWatcher.java\\\",\\\"/tmp/analyzing-475364ce81f72e5c/src/main/java/org/junit/runner/notification/RunNotifier.java\\\",\\\"/tmp/analyzing-475364ce81f72e5c/src/main/java/org/junit/experimental/runners/Enclosed.java\\\",\\\"/tmp/analyzing-475364ce81f72e5c/src/main/java/org/junit/runners/model/MemberValueConsumer.java\\\",\\\"/tmp/analyzing-475364ce81f72e5c/src/main/java/org/junit/internal/builders/SuiteMethodBuilder.java\\\",\\\"/tmp/analyzing-475364ce81f72e5c/src/main/java/junit/framework/AssertionFailedError.java\\\",\\\"/tmp/analyzing-475364ce81f72e5c/src/main/java/org/junit/experimental/theories/Theories.java\\\",\\\"/tmp/analyzing-475364ce81f72e5c/src/main/java/org/junit/internal/matchers/ThrowableCauseMatcher.java\\\",\\\"/tmp/analyzing-475364ce81f72e5c/src/main/java/org/junit/internal/builders/JUnit3Builder.java\\\",\\\"/tmp/analyzing-475364ce81f72e5c/src/main/java/org/junit/experimental/theories/FromDataPoints.java\\\",\\\"/tmp/analyzing-475364ce81f72e5c/src/main/java/org/junit/runner/manipulation/Orderer.java\\\",\\\"/tmp/analyzing-475364ce81f72e5c/src/main/java/org/junit/experimental/max/CouldNotReadCoreException.java\\\",\\\"/tmp/analyzing-475364ce81f72e5c/src/main/java/org/junit/internal/runners/TestClass.java\\\",\\\"/tmp/analyzing-475364ce81f72e5c/src/main/java/org/junit/internal/MethodSorter.java\\\",\\\"/tmp/analyzing-475364ce81f72e5c/src/main/java/org/junit/internal/builders/JUnit4Builder.java\\\",\\\"/tmp/analyzing-475364ce81f72e5c/src/main/java/org/junit/experimental/theories/ParameterSupplier.java\\\",\\\"/tmp/analyzing-475364ce81f72e5c/src/main/java/org/junit/TestCouldNotBeSkippedException.java\\\",\\\"/tmp/analyzing-475364ce81f72e5c/src/main/java/org/junit/runners/Suite.java\\\",\\\"/tmp/analyzing-475364ce81f72e5c/src/main/java/org/junit/runners/model/FrameworkField.java\\\",\\\"/tmp/analyzing-475364ce81f72e5c/src/main/java/org/junit/experimental/theories/suppliers/TestedOnSupplier.java\\\",\\\"/tmp/analyzing-475364ce81f72e5c/src/main/java/org/junit/rules/ExternalResource.java\\\",\\\"/tmp/analyzing-475364ce81f72e5c/src/main/java/org/junit/rules/Stopwatch.java\\\",\\\"/tmp/analyzing-475364ce81f72e5c/src/main/java/org/junit/experimental/theories/internal/ParameterizedAssertionError.java\\\",\\\"/tmp/analyzing-475364ce81f72e5c/src/main/java/org/junit/experimental/theories/suppliers/TestedOn.java\\\",\\\"/tmp/analyzing-475364ce81f72e5c/src/main/java/junit/framework/package-info.java\\\",\\\"/tmp/analyzing-475364ce81f72e5c/src/main/java/junit/textui/package-info.java\\\",\\\"/tmp/analyzing-475364ce81f72e5c/src/main/java/org/junit/internal/runners/statements/InvokeMethod.java\\\",\\\"/tmp/analyzing-475364ce81f72e5c/src/main/java/junit/framework/Assert.java\\\",\\\"/tmp/analyzing-475364ce81f72e5c/src/main/java/org/junit/internal/runners/statements/RunAfters.java\\\",\\\"/tmp/analyzing-475364ce81f72e5c/src/main/java/org/junit/internal/runners/JUnit4ClassRunner.java\\\",\\\"/tmp/analyzing-475364ce81f72e5c/src/main/java/org/junit/runners/parameterized/BlockJUnit4ClassRunnerWithParametersFactory.java\\\",\\\"/tmp/analyzing-475364ce81f72e5c/src/main/java/org/junit/Rule.java\\\",\\\"/tmp/analyzing-475364ce81f72e5c/src/main/java/org/junit/internal/runners/statements/Fail.java\\\",\\\"/tmp/analyzing-475364ce81f72e5c/src/main/java/org/junit/internal/runners/FailedBefore.java\\\",\\\"/tmp/analyzing-475364ce81f72e5c/src/main/java/org/junit/internal/management/FakeRuntimeMXBean.java\\\",\\\"/tmp/analyzing-475364ce81f72e5c/src/main/java/org/junit/internal/builders/AllDefaultPossibilitiesBuilder.java\\\",\\\"/tmp/analyzing-475364ce81f72e5c/src/main/java/org/junit/internal/management/RuntimeMXBean.java\\\",\\\"/tmp/analyzing-475364ce81f72e5c/src/main/java/org/junit/internal/runners/package-info.java\\\",\\\"/tmp/analyzing-475364ce81f72e5c/src/main/java/org/junit/runners/parameterized/TestWithParameters.java\\\",\\\"/tmp/analyzing-475364ce81f72e5c/src/main/java/org/junit/runner/FilterFactory.java\\\",\\\"/tmp/analyzing-475364ce81f72e5c/src/main/java/junit/runner/package-info.java\\\",\\\"/tmp/analyzing-475364ce81f72e5c/src/main/java/org/junit/internal/management/ThreadMXBean.java\\\",\\\"/tmp/analyzing-475364ce81f72e5c/src/main/java/org/junit/ComparisonFailure.java\\\",\\\"/tmp/analyzing-475364ce81f72e5c/src/main/java/org/junit/internal/runners/rules/RuleMemberValidator.java\\\",\\\"/tmp/analyzing-475364ce81f72e5c/src/main/java/org/junit/internal/runners/TestMethod.java\\\",\\\"/tmp/analyzing-475364ce81f72e5c/src/main/java/org/junit/runner/manipulation/Sorter.java\\\",\\\"/tmp/analyzing-475364ce81f72e5c/src/main/java/org/junit/runner/FilterFactoryParams.java\\\",\\\"/tmp/analyzing-475364ce81f72e5c/src/main/java/org/junit/experimental/categories/CategoryFilterFactory.java\\\",\\\"/tmp/analyzing-475364ce81f72e5c/src/main/java/org/junit/internal/runners/statements/RunBefores.java\\\",\\\"/tmp/analyzing-475364ce81f72e5c/src/main/java/org/junit/internal/AssumptionViolatedException.java\\\",\\\"/tmp/analyzing-475364ce81f72e5c/src/main/java/org/junit/Assert.java\\\",\\\"/tmp/analyzing-475364ce81f72e5c/src/main/java/org/junit/experimental/theories/internal/Assignments.java\\\",\\\"/tmp/analyzing-475364ce81f72e5c/src/main/java/org/junit/internal/runners/MethodRoadie.java\\\",\\\"/tmp/analyzing-475364ce81f72e5c/src/main/java/org/junit/runners/model/InvalidTestClassError.java\\\",\\\"/tmp/analyzing-475364ce81f72e5c/src/main/java/org/junit/rules/RunRules.java\\\",\\\"/tmp/analyzing-475364ce81f72e5c/src/main/java/org/junit/rules/DisableOnDebug.java\\\",\\\"/tmp/analyzing-475364ce81f72e5c/src/main/java/org/junit/internal/RealSystem.java\\\",\\\"/tmp/analyzing-475364ce81f72e5c/src/main/java/org/junit/internal/runners/MethodValidator.java\\\",\\\"/tmp/analyzing-475364ce81f72e5c/src/main/java/org/junit/runners/AllTests.java\\\",\\\"/tmp/analyzing-475364ce81f72e5c/src/main/java/org/junit/internal/runners/InitializationError.java\\\",\\\"/tmp/analyzing-475364ce81f72e5c/src/main/java/org/junit/runner/notification/SynchronizedRunListener.java\\\",\\\"/tmp/analyzing-475364ce81f72e5c/src/main/java/org/junit/internal/runners/rules/ValidationError.java\\\",\\\"/tmp/analyzing-475364ce81f72e5c/src/main/java/junit/framework/TestListener.java\\\",\\\"/tmp/analyzing-475364ce81f72e5c/src/main/java/org/junit/internal/InexactComparisonCriteria.java\\\",\\\"/tmp/analyzing-475364ce81f72e5c/src/main/java/org/junit/After.java\\\",\\\"/tmp/analyzing-475364ce81f72e5c/src/main/java/org/junit/runners/parameterized/BlockJUnit4ClassRunnerWithParameters.java\\\",\\\"/tmp/analyzing-475364ce81f72e5c/src/main/java/org/junit/internal/requests/MemoizingRequest.java\\\",\\\"/tmp/analyzing-475364ce81f72e5c/src/main/java/org/junit/internal/builders/NullBuilder.java\\\",\\\"/tmp/analyzing-475364ce81f72e5c/src/main/java/org/junit/runners/ParentRunner.java\\\",\\\"/tmp/analyzing-475364ce81f72e5c/src/main/java/org/junit/runner/Request.java\\\",\\\"/tmp/analyzing-475364ce81f72e5c/src/main/java/org/junit/runner/Description.java\\\",\\\"/tmp/analyzing-475364ce81f72e5c/src/main/java/org/junit/experimental/theories/PotentialAssignment.java\\\",\\\"/tmp/analyzing-475364ce81f72e5c/src/main/java/org/junit/experimental/categories/ExcludeCategories.java\\\",\\\"/tmp/analyzing-475364ce81f72e5c/src/main/java/org/junit/runner/OrderWith.java\\\",\\\"/tmp/analyzing-475364ce81f72e5c/src/main/java/org/junit/internal/requests/package-info.java\\\",\\\"/tmp/analyzing-475364ce81f72e5c/src/main/java/org/junit/experimental/max/MaxHistory.java\\\",\\\"/tmp/analyzing-475364ce81f72e5c/src/main/java/org/junit/internal/runners/statements/ExpectException.java\\\",\\\"/tmp/analyzing-475364ce81f72e5c/src/main/java/org/junit/Test.java\\\",\\\"/tmp/analyzing-475364ce81f72e5c/src/main/java/junit/extensions/package-info.java\\\",\\\"/tmp/analyzing-475364ce81f72e5c/src/main/java/org/junit/rules/ErrorCollector.java\\\",\\\"/tmp/analyzing-475364ce81f72e5c/src/main/java/org/junit/internal/runners/model/EachTestNotifier.java\\\",\\\"/tmp/analyzing-475364ce81f72e5c/src/main/java/junit/framework/JUnit4TestAdapter.java\\\",\\\"/tmp/analyzing-475364ce81f72e5c/src/main/java/org/junit/runners/model/InitializationError.java\\\",\\\"/tmp/analyzing-475364ce81f72e5c/src/main/java/org/junit/internal/JUnitSystem.java\\\",\\\"/tmp/analyzing-475364ce81f72e5c/src/main/java/junit/extensions/RepeatedTest.java\\\",\\\"/tmp/analyzing-475364ce81f72e5c/src/main/java/org/junit/runners/MethodSorters.java\\\",\\\"/tmp/analyzing-475364ce81f72e5c/src/main/java/org/junit/internal/runners/ErrorReportingRunner.java\\\",\\\"/tmp/analyzing-475364ce81f72e5c/src/main/java/org/junit/internal/requests/OrderingRequest.java\\\",\\\"/tmp/analyzing-475364ce81f72e5c/src/main/java/junit/framework/JUnit4TestAdapterCache.java\\\",\\\"/tmp/analyzing-475364ce81f72e5c/src/main/java/org/junit/runners/model/Statement.java\\\",\\\"/tmp/analyzing-475364ce81f72e5c/src/main/java/org/junit/runner/Runner.java\\\",\\\"/tmp/analyzing-475364ce81f72e5c/src/main/java/org/junit/matchers/package-info.java\\\",\\\"/tmp/analyzing-475364ce81f72e5c/src/main/java/org/junit/internal/Checks.java\\\",\\\"/tmp/analyzing-475364ce81f72e5c/src/main/java/org/junit/runner/package-info.java\\\",\\\"/tmp/analyzing-475364ce81f72e5c/src/main/java/org/junit/runner/Computer.java\\\",\\\"/tmp/analyzing-475364ce81f72e5c/src/main/java/org/junit/validator/AnnotationValidatorFactory.java\\\",\\\"/tmp/analyzing-475364ce81f72e5c/src/main/java/junit/framework/TestCase.java\\\",\\\"/tmp/analyzing-475364ce81f72e5c/src/main/java/org/junit/runners/BlockJUnit4ClassRunner.java\\\",\\\"/tmp/analyzing-475364ce81f72e5c/src/main/java/org/junit/BeforeClass.java\\\",\\\"/tmp/analyzing-475364ce81f72e5c/src/main/java/org/junit/experimental/theories/DataPoint.java\\\",\\\"/tmp/analyzing-475364ce81f72e5c/src/main/java/junit/framework/TestFailure.java\\\",\\\"/tmp/analyzing-475364ce81f72e5c/src/main/java/org/junit/internal/runners/statements/FailOnTimeout.java\\\",\\\"/tmp/analyzing-475364ce81f72e5c/src/main/java/org/junit/matchers/JUnitMatchers.java\\\",\\\"/tmp/analyzing-475364ce81f72e5c/src/main/java/org/junit/runners/model/TestClass.java\\\",\\\"/tmp/analyzing-475364ce81f72e5c/src/main/java/org/junit/experimental/theories/internal/SpecificDataPointsSupplier.java\\\",\\\"/tmp/analyzing-475364ce81f72e5c/src/main/java/org/junit/internal/management/ReflectiveThreadMXBean.java\\\",\\\"/tmp/analyzing-475364ce81f72e5c/src/main/java/org/junit/experimental/theories/internal/BooleanSupplier.java\\\",\\\"/tmp/analyzing-475364ce81f72e5c/src/main/java/junit/framework/JUnit4TestCaseFacade.java\\\",\\\"/tmp/analyzing-475364ce81f72e5c/src/main/java/org/junit/validator/PublicClassValidator.java\\\",\\\"/tmp/analyzing-475364ce81f72e5c/src/main/java/junit/framework/TestSuite.java\\\",\\\"/tmp/analyzing-475364ce81f72e5c/src/main/java/junit/extensions/TestSetup.java\\\",\\\"/tmp/analyzing-475364ce81f72e5c/src/main/java/org/junit/experimental/results/FailureList.java\\\"],\\\"classpath\\\":[\\\"/root/.m2/repository/org/hamcrest/hamcrest-library/1.3/hamcrest-library-1.3.jar\\\",\\\"/root/.m2/repository/org/hamcrest/hamcrest-core/1.3/hamcrest-core-1.3.jar\\\"],\\\"output_dir\\\":\\\"/tmp/analyzing-475364ce81f72e5c/target/classes\\\",\\\"jdk\\\":\\\"JDK1.5\\\"}]\"\n[DEBUG] [27/Jun/2019:14:21:44 +0000] [()] Done generating compilation database.\n[DEBUG] [27/Jun/2019:14:21:44 +0000] [()] Trying to autodetect the build system based on files present in the repository.\n[DEBUG] [27/Jun/2019:14:21:44 +0000] [()] Errorprone JDK1.8 and jceJDK \"JDK1.5\" are not compatible.\n[DEBUG] [27/Jun/2019:14:34:34 +0000] [()] Tool completed with 16 but only reporting up to 1200.\n[DEBUG] [27/Jun/2019:14:34:34 +0000] [()] All tools complete for commit \"master\"\n[DEBUG] [27/Jun/2019:14:34:34 +0000] [()] Analysis has completed.\n"}}
